http://lh4.ggpht.com/_IZpTrEjIab4/SkN3rTe_0pI/AAAAAAAABoA/xwkAOZQaFZQ/ds8_1330.jpg
http://lh5.ggpht.com/_IZpTrEjIab4/SkN3sCIZh0I/AAAAAAAABoE/AXRcnpYmn60/ds8_1229.jpg
http://lh3.ggpht.com/_IZpTrEjIab4/SkN3s9O8wCI/AAAAAAAABoI/iO02REEL4s8/ds8_1230.jpg
http://lh4.ggpht.com/_IZpTrEjIab4/SkN3t0IhXuI/AAAAAAAABoM/r-JcWZSqhaQ/ds8_1242.jpg
http://lh5.ggpht.com/_IZpTrEjIab4/SkN3ulHHTuI/AAAAAAAABoQ/csICpTl-SQo/ds8_1246.jpg
http://lh3.ggpht.com/_IZpTrEjIab4/SkN3vQ9uxtI/AAAAAAAABoU/ryUIydCb_GQ/ds8_1277.jpg
http://lh4.ggpht.com/_IZpTrEjIab4/SkN3wCB08DI/AAAAAAAABoY/vsclHxex44c/ds8_1283.jpg
http://lh6.ggpht.com/_IZpTrEjIab4/SkN3w18_NkI/AAAAAAAABog/meGkO1avkjw/ds8_1285.jpg
http://lh4.ggpht.com/_IZpTrEjIab4/SkN3x9r1UdI/AAAAAAAABoo/tQS4vBttB_4/ds8_1291.jpg
http://lh3.ggpht.com/_IZpTrEjIab4/SkN3yk6dHPI/AAAAAAAABos/1XYPOfnbWXc/ds8_1298.jpg
http://lh5.ggpht.com/_IZpTrEjIab4/SkN3zJzFuHI/AAAAAAAABow/GCYFhvY2E6w/ds8_1301.jpg
http://lh4.ggpht.com/_IZpTrEjIab4/SkN3z4oNn_I/AAAAAAAABo0/vSWQXv1uq_M/ds8_1308.jpg
http://lh4.ggpht.com/_IZpTrEjIab4/SkN30pxapdI/AAAAAAAABo4/7r8zeRDcxt4/ds8_1310.jpg
http://lh3.ggpht.com/_IZpTrEjIab4/SkN31bLWHCI/AAAAAAAABo8/f6NMcqPr6MM/ds8_1321.jpg
http://lh3.ggpht.com/_IZpTrEjIab4/SkN32OUbCRI/AAAAAAAABpA/ciEl-dvOPcE/ds8_1325.jpg
http://lh6.ggpht.com/_IZpTrEjIab4/SkN322JrN1I/AAAAAAAABpE/Yz_v1qK_l28/ds8_1326.jpg
http://lh6.ggpht.com/_IZpTrEjIab4/SkN33njMhHI/AAAAAAAABpI/TbUm_rFdHXI/ds8_1329.jpg
http://lh4.ggpht.com/_IZpTrEjIab4/SkN34S5_3LI/AAAAAAAABpM/WfpcWdBiLDw/ds8_1337.jpg
http://lh5.ggpht.com/_IZpTrEjIab4/SkN3426if1I/AAAAAAAABpU/xHgbcIcHNeM/ds8_1338.jpg
http://lh4.ggpht.com/_IZpTrEjIab4/SkN35qtOT7I/AAAAAAAABpY/ZEaBJVSFfU0/ds8_1339.jpg
http://lh5.ggpht.com/_IZpTrEjIab4/SkN1xrVjDlI/AAAAAAAABgg/SXWzxhVA0F4/park-hyun-sun-yellow-dress-05.jpg
http://lh6.ggpht.com/_IZpTrEjIab4/SkN1zWwtBKI/AAAAAAAABgk/QPctCBYB79A/park-hyun-sun-yellow-dress-06.jpg
http://lh3.ggpht.com/_IZpTrEjIab4/SkN10mXphxI/AAAAAAAABgo/HQzjUwMqv6E/park-hyun-sun-yellow-dress-07.jpg
http://lh6.ggpht.com/_IZpTrEjIab4/SkN11tFwnLI/AAAAAAAABgs/DW9qmCWFGUg/park-hyun-sun-yellow-dress-08.jpg
http://lh5.ggpht.com/_IZpTrEjIab4/SkN13CZpCOI/AAAAAAAABgw/xdI3jMgnStQ/park-hyun-sun-yellow-dress-10.jpg
http://lh5.ggpht.com/_IZpTrEjIab4/SkN14SkkZYI/AAAAAAAABg4/j9WBbZls7yA/park-hyun-sun-yellow-dress-09.jpg
http://lh4.ggpht.com/_IZpTrEjIab4/SkN15aaLgtI/AAAAAAAABg8/aBKpbxRR__8/park-hyun-sun-yellow-dress-04.jpg
http://lh6.ggpht.com/_IZpTrEjIab4/SkN16_VnOvI/AAAAAAAABhA/14RqHoh5a6c/park-hyun-sun-yellow-dress-11.jpg
http://lh4.ggpht.com/_IZpTrEjIab4/SkN18aRDDyI/AAAAAAAABhE/TEymdaNcQu8/park-hyun-sun-yellow-dress-03.jpg
http://lh3.ggpht.com/_IZpTrEjIab4/SkN19h3pbUI/AAAAAAAABhI/xfsq2B3FHqI/park-hyun-sun-yellow-dress-02.jpg
http://lh3.ggpht.com/_IZpTrEjIab4/SkN3h-GUqZI/AAAAAAAABnI/tsm0VsFAWOM/moko-x-transformers-revenge-of-the-fallen03.jpg
http://lh4.ggpht.com/_IZpTrEjIab4/SkN3ij7OvbI/AAAAAAAABnM/wi64evFUKBw/moko-x-transformers-revenge-of-the-fallen02.jpg
http://lh6.ggpht.com/_IZpTrEjIab4/SkN3jcad1bI/AAAAAAAABnQ/JMdz9Jj6Bbc/moko-x-transformers-revenge-of-the-fallen05.jpg
http://lh6.ggpht.com/_IZpTrEjIab4/SkN3kLNymkI/AAAAAAAABnU/dwnHakTiiDc/moko-x-transformers-revenge-of-the-fallen01.jpg
http://lh4.ggpht.com/_IZpTrEjIab4/SkN3k0r5whI/AAAAAAAABnc/Bw7vvYnik5E/moko-x-transformers-revenge-of-the-fallen07.jpg
http://lh3.ggpht.com/_IZpTrEjIab4/SkN3lgtVRrI/AAAAAAAABng/ffPLQYm0HSY/moko-x-transformers-revenge-of-the-fallen04.jpg
http://lh3.ggpht.com/_IZpTrEjIab4/SkN3mdnaXfI/AAAAAAAABnk/zI5mbF1pzS4/moko-x-transformers-revenge-of-the-fallen06.jpg
http://lh4.ggpht.com/_IZpTrEjIab4/SkN3nM5geLI/AAAAAAAABno/7Z5fwepF3ec/moko-x-transformers-revenge-of-the-fallen08.jpg
http://lh4.ggpht.com/_IZpTrEjIab4/SkN3n_bNOMI/AAAAAAAABns/frU4aAhw6Ac/moko-x-transformers-revenge-of-the-fallen09.jpg
http://lh6.ggpht.com/_IZpTrEjIab4/SkN3oRVN1BI/AAAAAAAABnw/zGUIUytZWls/moko-x-transformers-revenge-of-the-fallen10.jpg
http://lh4.ggpht.com/_IZpTrEjIab4/SkN3pV3j9jI/AAAAAAAABn0/YHgqWx2A_8Y/moko-x-transformers-revenge-of-the-fallen11.jpg
http://lh6.ggpht.com/_IZpTrEjIab4/SkN3p9lPYJI/AAAAAAAABn4/QeNa5Ohmeic/moko-x-transformers-revenge-of-the-fallen12.jpg
http://lh5.ggpht.com/_IZpTrEjIab4/SkN3qRKIdvI/AAAAAAAABn8/DkvfU3oI7YE/moko-x-transformers-revenge-of-the-fallen13.jpg
http://lh5.ggpht.com/_IZpTrEjIab4/SkN3KKXVIMI/AAAAAAAABlU/PY9ONNs3PwI/ryu-ji-hye-white-and-black-print-top-02.jpg
http://lh4.ggpht.com/_IZpTrEjIab4/SkN3Lq1WPpI/AAAAAAAABlY/15y94ElDty8/ryu-ji-hye-white-and-black-print-top-01.jpg
http://lh3.ggpht.com/_IZpTrEjIab4/SkN3No0FaFI/AAAAAAAABlc/vKr3iG_ktig/ryu-ji-hye-white-and-black-print-top-03.jpg
http://lh4.ggpht.com/_IZpTrEjIab4/SkN3Pe-XTfI/AAAAAAAABlk/FX9yzckMxk4/ryu-ji-hye-white-with-polka-dots-dress-01.jpg
http://lh4.ggpht.com/_IZpTrEjIab4/SkN3Q1ypujI/AAAAAAAABlo/sYNWPVpx_aA/ryu-ji-hye-white-with-polka-dots-dress-02.jpg
http://lh6.ggpht.com/_IZpTrEjIab4/SkN3SpNgwGI/AAAAAAAABlw/KsPp4QWil44/ryu-ji-hye-white-with-polka-dots-dress-03.jpg
http://lh5.ggpht.com/_IZpTrEjIab4/SkN3Txe6KZI/AAAAAAAABl0/vnkRGPHzgXs/ryu-ji-hye-black-dress-01.jpg
http://lh6.ggpht.com/_IZpTrEjIab4/SkN3VEBKyBI/AAAAAAAABl4/Tu0jTAARYeU/ryu-ji-hye-black-dress-02.jpg
http://lh5.ggpht.com/_IZpTrEjIab4/SkN3WYNQ3sI/AAAAAAAABl8/ki46IrhEuJM/ryu-ji-hye-black-dress-03.jpg
http://lh5.ggpht.com/_IZpTrEjIab4/SkN1blLTmMI/AAAAAAAABfE/iyfunWc_Zas/seo-you-jin-white-dress-22.jpg
http://lh5.ggpht.com/_IZpTrEjIab4/SkN1cC8JEzI/AAAAAAAABfI/1UM9bXImNNQ/seo-you-jin-white-dress-05.jpg
http://lh4.ggpht.com/_IZpTrEjIab4/SkN1dZLDHfI/AAAAAAAABfM/vGWz97LBArc/seo-you-jin-white-dress-19.jpg
http://lh5.ggpht.com/_IZpTrEjIab4/SkN1ePTNN0I/AAAAAAAABfQ/f5GA74bvb-c/seo-you-jin-white-dress-03.jpg
http://lh6.ggpht.com/_IZpTrEjIab4/SkN1e_oPdCI/AAAAAAAABfU/GMx8HJyWOEY/seo-you-jin-white-dress-02.jpg
http://lh3.ggpht.com/_IZpTrEjIab4/SkN1fnO5b0I/AAAAAAAABfY/kx6QjOVhShM/seo-you-jin-white-dress-01.jpg
http://lh3.ggpht.com/_IZpTrEjIab4/SkN1gRl63SI/AAAAAAAABfc/J2ab2ssaLPo/seo-you-jin-white-dress-04.jpg
http://lh3.ggpht.com/_IZpTrEjIab4/SkN1g2Fwh3I/AAAAAAAABfg/j_vR7J6CN5s/seo-you-jin-white-dress-20.jpg
http://lh5.ggpht.com/_IZpTrEjIab4/SkN1hmSDjYI/AAAAAAAABfk/TKFj5aQeNP0/seo-you-jin-white-dress-15.jpg
http://lh6.ggpht.com/_IZpTrEjIab4/SkN1iKJ6FoI/AAAAAAAABfo/x2d7iZrDfvk/seo-you-jin-white-dress-23.jpg
http://lh5.ggpht.com/_IZpTrEjIab4/SkN1i0EaJ5I/AAAAAAAABfs/E4XROhGIu_w/seo-you-jin-white-dress-13.jpg
http://lh6.ggpht.com/_IZpTrEjIab4/SkN1jYyRwVI/AAAAAAAABfw/kdB5PGgKxhw/seo-you-jin-white-dress-07.jpg
http://lh4.ggpht.com/_IZpTrEjIab4/SkN1kAgok6I/AAAAAAAABf0/GOm-nqz3JlI/seo-you-jin-white-dress-12.jpg
http://lh5.ggpht.com/_IZpTrEjIab4/SkN2dE6ha7I/AAAAAAAABig/WIJYtWIdl80/seo-you-jin-minnie-mouse-02.jpg
http://lh3.ggpht.com/_IZpTrEjIab4/SkN2dyvcHDI/AAAAAAAABik/SlqLNGJB6kU/seo-you-jin-minnie-mouse-01.jpg
http://lh5.ggpht.com/_IZpTrEjIab4/SkN2e156DCI/AAAAAAAABio/CB_DDVoxrKs/seo-you-jin-minnie-mouse-36.jpg
http://lh3.ggpht.com/_IZpTrEjIab4/SkN2frwJ37I/AAAAAAAABis/JM1t6CQqquI/seo-you-jin-minnie-mouse-12.jpg
http://lh3.ggpht.com/_IZpTrEjIab4/SkN2gc1qoTI/AAAAAAAABiw/n03bzbVleuc/seo-you-jin-minnie-mouse-19.jpg
http://lh5.ggpht.com/_IZpTrEjIab4/SkN2hPJ99AI/AAAAAAAABi0/Oer5cQazkj0/seo-you-jin-minnie-mouse-20.jpg
http://lh3.ggpht.com/_IZpTrEjIab4/SkN2huY10mI/AAAAAAAABi4/BGs_Emnqzeo/seo-you-jin-minnie-mouse-31.jpg
http://lh6.ggpht.com/_IZpTrEjIab4/SkN2ifqdWjI/AAAAAAAABi8/ZQutzYg4e9s/seo-you-jin-minnie-mouse-32.jpg
http://lh6.ggpht.com/_IZpTrEjIab4/SkN2jFzeruI/AAAAAAAABjA/Uzq5abfa4Cw/seo-you-jin-minnie-mouse-33.jpg
http://lh3.ggpht.com/_IZpTrEjIab4/SkN2jxTMY8I/AAAAAAAABjE/uJ3iIaVrAFM/seo-you-jin-minnie-mouse-35.jpg
http://lh5.ggpht.com/_IZpTrEjIab4/SkN2q0FCotI/AAAAAAAABjY/9-sSWXXxG_M/choi-yu-jung-strapless-flower-dress-06.jpg
http://lh6.ggpht.com/_IZpTrEjIab4/SkN2tT7tt_I/AAAAAAAABjc/mZ4AVUfeTFw/choi-yu-jung-strapless-flower-dress-07.jpg
http://lh5.ggpht.com/_IZpTrEjIab4/SkN2uQmooTI/AAAAAAAABjk/-AJl4hD7OoE/choi-yu-jung-strapless-flower-dress-08.jpg
http://lh5.ggpht.com/_IZpTrEjIab4/SkN2xp2zSlI/AAAAAAAABj0/qZLBd93844c/choi-yu-jung-strapless-flower-dress-02.jpg
http://lh4.ggpht.com/_IZpTrEjIab4/SkN2yl26WsI/AAAAAAAABj4/pXaC5kyGZWI/choi-yu-jung-strapless-flower-dress-03.jpg
http://lh6.ggpht.com/_IZpTrEjIab4/SkN20FO6-bI/AAAAAAAABj8/yZ7mcLKNhRE/choi-yu-jung-strapless-flower-dress-09.jpg
http://lh4.ggpht.com/_IZpTrEjIab4/SkN21vgGqBI/AAAAAAAABkA/6pSnLGhln0o/choi-yu-jung-strapless-flower-dress-01.jpg
http://lh4.ggpht.com/_IZpTrEjIab4/SkN23s2mQvI/AAAAAAAABkI/XTw0R4ySfXA/choi-yu-jung-strapless-flower-dress-04.jpg
http://lh4.ggpht.com/_IZpTrEjIab4/SkN24gbeSMI/AAAAAAAABkM/RM-ingu04X4/choi-yu-jung-strapless-flower-dress-05.jpg
http://lh3.ggpht.com/_IZpTrEjIab4/SjJI-BjAoxI/AAAAAAAABak/Yip6gRceCRg/choi-yu-jung-relaxing-09.jpg
http://lh4.ggpht.com/_IZpTrEjIab4/SjJJABIZ8tI/AAAAAAAABao/Z4kEZEQSEqE/choi-yu-jung-relaxing-08.jpg
http://lh3.ggpht.com/_IZpTrEjIab4/SjJJBVafhNI/AAAAAAAABas/QuqwaCY8LZ8/choi-yu-jung-relaxing-11.jpg
http://lh4.ggpht.com/_IZpTrEjIab4/SjJJDUostxI/AAAAAAAABaw/zHlCQMIBz8k/choi-yu-jung-relaxing-03.jpg
http://lh5.ggpht.com/_IZpTrEjIab4/SjJJFT5p9gI/AAAAAAAABa0/Qyztzh4_Xp4/choi-yu-jung-relaxing-07.jpg
http://lh6.ggpht.com/_IZpTrEjIab4/SjJJHS4Ka1I/AAAAAAAABa4/iGmvGWgdem8/choi-yu-jung-relaxing-02.jpg
http://lh4.ggpht.com/_IZpTrEjIab4/SjJJITqMpZI/AAAAAAAABa8/hq7TIEqByP0/choi-yu-jung-relaxing-13.jpg
http://lh4.ggpht.com/_IZpTrEjIab4/SjJJKexkyyI/AAAAAAAABbA/NOgFCq8SRSI/choi-yu-jung-relaxing-06.jpg
http://lh5.ggpht.com/_IZpTrEjIab4/SjJJMb3NjVI/AAAAAAAABbE/iZ2409gGUKc/choi-yu-jung-relaxing-04.jpg
http://lh5.ggpht.com/_IZpTrEjIab4/SjJJO67fekI/AAAAAAAABbM/pIWZGCWiA6o/choi-yu-jung-relaxing-05.jpg
http://lh5.ggpht.com/_IZpTrEjIab4/SjJJQiOAEeI/AAAAAAAABbQ/REH0uwKNNDQ/choi-yu-jung-relaxing-01.jpg
http://lh4.ggpht.com/_IZpTrEjIab4/SjJIm8yKOYI/AAAAAAAABZs/IlsJq_YYAsg/choi-yu-jung-relaxing-45.jpg
http://lh4.ggpht.com/_IZpTrEjIab4/SjJIqfQoBbI/AAAAAAAABZ4/MRPEJFXzEyU/choi-yu-jung-relaxing-37.jpg
http://lh4.ggpht.com/_IZpTrEjIab4/SjJIr-BO0fI/AAAAAAAABZ8/8VqKezo6uag/choi-yu-jung-relaxing-12.jpg
http://lh3.ggpht.com/_IZpTrEjIab4/SjJIvkXOKCI/AAAAAAAABaE/tV_gQifXgL4/choi-yu-jung-relaxing-10.jpg
http://lh3.ggpht.com/_IZpTrEjIab4/SjJIxtyuPzI/AAAAAAAABaI/APM580GDb-E/choi-yu-jung-relaxing-31.jpg
http://lh6.ggpht.com/_IZpTrEjIab4/SjJI37FU2mI/AAAAAAAABaU/ASebCov2FNk/choi-yu-jung-relaxing-25.jpg
http://lh4.ggpht.com/_IZpTrEjIab4/SjJI8Ze4bQI/AAAAAAAABag/ZMg_dyInQXc/choi-yu-jung-relaxing-20.jpg
http://lh6.ggpht.com/_IZpTrEjIab4/SizOmF-FaYI/AAAAAAAABR4/Ka6b94w1V7E/steve-Saya_Shana-03.jpg
http://lh5.ggpht.com/_IZpTrEjIab4/SizOobn7LnI/AAAAAAAABR8/hHVzYQoaC08/steve-Saya_Shana-01.jpg
http://lh4.ggpht.com/_IZpTrEjIab4/SizOq21Yo7I/AAAAAAAABSA/Hf0GDYBtS00/steve-Saya_Shana-02.jpg
http://lh3.ggpht.com/_IZpTrEjIab4/SizOtJSeWJI/AAAAAAAABSE/0UzYzT5REfI/kipper34-kipi-nadja-applefield03.jpg
http://lh3.ggpht.com/_IZpTrEjIab4/SizOujNwkFI/AAAAAAAABSI/ikt7488Auro/Locutis-Saya%20-%20Euphemia%20Li%20Britannia%2004.jpg
http://lh6.ggpht.com/_IZpTrEjIab4/SizOwTj8j8I/AAAAAAAABSM/RNyUB7oN0ms/Locutis-Saya%20-%20Euphemia%20Li%20Britannia%2003.jpg
http://lh5.ggpht.com/_IZpTrEjIab4/SizOxwOh4PI/AAAAAAAABSQ/-SRCcRSejhE/Locutis-Saya%20-%20Euphemia%20Li%20Britannia%2001.jpg
http://lh3.ggpht.com/_IZpTrEjIab4/SizOzbRZvOI/AAAAAAAABSU/KYCc3hdGcEM/steve-saya_fujibayashi_kyou01.jpg
http://lh3.ggpht.com/_IZpTrEjIab4/SizO1aY1LeI/AAAAAAAABSY/kFtQGyVhgj0/steve-saya_fujibayashi_kyou02.jpg
http://lh6.ggpht.com/_IZpTrEjIab4/SizO3AAtf4I/AAAAAAAABSc/iTlG13Apo-o/steve-saya_fujibayashi_kyou04.jpg
http://lh6.ggpht.com/_IZpTrEjIab4/SizO4ij7L0I/AAAAAAAABSk/LOcgDtuT8PM/steve-saya_fujibayashi_kyou03.jpg
http://lh4.ggpht.com/_IZpTrEjIab4/SizP6hMVvAI/AAAAAAAABTg/sSqA-C9sN8g/kipper34-Anna%20Kurauchi01.jpg
http://lh3.ggpht.com/_IZpTrEjIab4/SizP8cg1BAI/AAAAAAAABTk/MGZikXXwryY/kipper34-Anna%20Kurauchi03.jpg
http://lh6.ggpht.com/_IZpTrEjIab4/SizP-8kiedI/AAAAAAAABTo/4sMI3BL3fwc/steve-Kipi%20Yui%20Cosplay%2004.jpg
http://lh4.ggpht.com/_IZpTrEjIab4/SizQALMDLrI/AAAAAAAABTs/7u3gV-Zw-u0/steve-mai-shiranui-01.jpg
http://lh5.ggpht.com/_IZpTrEjIab4/SizQEQcTBvI/AAAAAAAABTw/WVd7ptySHhI/steve-mai-shiranui-02.jpg
http://lh3.ggpht.com/_IZpTrEjIab4/SizQGIper0I/AAAAAAAABT0/YcH9RpoYqaI/steve-sakurai_hinoki_code_geass02.jpg
http://lh4.ggpht.com/_IZpTrEjIab4/SjM7LLfU-kI/AAAAAAAABds/2SnMjxOKpgA/kang-yui-office-lady-02.jpg
http://lh5.ggpht.com/_IZpTrEjIab4/SjM7OPBBLfI/AAAAAAAABdw/LW0ALTFbuM4/kang-yui-office-lady-03.jpg
http://lh5.ggpht.com/_IZpTrEjIab4/SjM7TPy1HLI/AAAAAAAABd0/qRQYs6ATGlo/kang-yui-office-lady-01.jpg
http://lh3.ggpht.com/_IZpTrEjIab4/SjM7Wsm9g8I/AAAAAAAABd4/MjlhvRE6yJw/kang-yui-office-lady-04.jpg
http://lh6.ggpht.com/_IZpTrEjIab4/SjM7ZCVeESI/AAAAAAAABd8/bQ1vlmhvUl8/kang-yui-office-lady-05.jpg
http://lh3.ggpht.com/_IZpTrEjIab4/SjM7dwL0LmI/AAAAAAAABeA/_ktQgatvS7c/kang-yui-office-lady-06.jpg
http://lh5.ggpht.com/_IZpTrEjIab4/SjJJRnl4laI/AAAAAAAABbU/hnow7K5RFdc/img_6033.jpg
http://lh4.ggpht.com/_IZpTrEjIab4/SjJJSfl8RYI/AAAAAAAABbY/mlr8NEwIlR4/img_6050.jpg
http://lh4.ggpht.com/_IZpTrEjIab4/SjJJTN89BHI/AAAAAAAABbc/WkISXBI_UJY/img_6072.jpg
http://lh4.ggpht.com/_IZpTrEjIab4/SjJJUJ4ps2I/AAAAAAAABbg/AkYU56UJF4c/img_6128_copy.jpg
http://lh6.ggpht.com/_IZpTrEjIab4/SjJJUyuAtRI/AAAAAAAABbk/7ApqIZi1FBw/img_6090.jpg
http://lh4.ggpht.com/_IZpTrEjIab4/SjJJVkUD9PI/AAAAAAAABbo/LKUBeN6Mj4M/img_6138_copy.jpg
http://lh6.ggpht.com/_IZpTrEjIab4/SizPlDFN7CI/AAAAAAAABTM/bWI3Xo_bvjo/kang%20yui%20guitar%20hero%2001.jpg
http://lh3.ggpht.com/_IZpTrEjIab4/SizPiaMJZqI/AAAAAAAABTI/JoQJaYqmbgA/kang%20yui%20guitar%20hero%2003.jpg
http://lh6.ggpht.com/_IZpTrEjIab4/SizPqqX3pqI/AAAAAAAABTQ/JHs1Pnnjb2A/kang%20yui%20guitar%20hero%2015.jpg
http://lh6.ggpht.com/_IZpTrEjIab4/SizPwF5hAoI/AAAAAAAABTU/rp_KxLDS538/kang%20yui%20guitar%20hero%2011.jpg
http://lh3.ggpht.com/_IZpTrEjIab4/SizP4UTZ2nI/AAAAAAAABTc/TXFeoJV8tFI/kang%20yui%20guitar%20hero%2016.jpg
http://lh3.ggpht.com/_IZpTrEjIab4/SizO7juwh9I/AAAAAAAABSo/gZcHwI4Vtko/kang%20yui%20guitar%20hero%2018.jpg
http://lh6.ggpht.com/_IZpTrEjIab4/SizO-anwF9I/AAAAAAAABSs/_Z_HsnD2Ujs/kang%20yui%20guitar%20hero%2021.jpg
http://lh5.ggpht.com/_IZpTrEjIab4/SizPCG3oD8I/AAAAAAAABSw/-9HvfD97KS0/kang%20yui%20guitar%20hero%2022.jpg
http://lh4.ggpht.com/_IZpTrEjIab4/SizPHSSapvI/AAAAAAAABS4/4G6iCx99Ir4/kang%20yui%20guitar%20hero%2023.jpg
http://lh4.ggpht.com/_IZpTrEjIab4/SizPQgKhwhI/AAAAAAAABS8/CS5K3F6nfm4/kang%20yui%20guitar%20hero%2025.jpg
http://lh5.ggpht.com/_IZpTrEjIab4/SizPbb3zXSI/AAAAAAAABTA/Qlah74_XkZw/kang%20yui%20guitar%20hero%2019.jpg
http://lh6.ggpht.com/_IZpTrEjIab4/SizUggqrgGI/AAAAAAAABUw/AbBmU0AZPVs/2_2_42c575cf7a57b88.jpg
http://lh6.ggpht.com/_IZpTrEjIab4/SizUhS8wxqI/AAAAAAAABU0/ZP2COgUkz5U/20080522_80d3cdfed233870c6fdfAzBZ13xF506C.jpg
http://lh5.ggpht.com/_IZpTrEjIab4/SizUkDuobpI/AAAAAAAABU4/hS-lu6EOdU8/75059b65-23a5-4254-ba22-633ed529a8a8.jpg
http://lh6.ggpht.com/_IZpTrEjIab4/SizUkzsSZ2I/AAAAAAAABU8/RP0B4f-Ptlo/1da54067-ab23-4b5f-8899-551166ed03ab.jpg
http://lh5.ggpht.com/_IZpTrEjIab4/SizUnlcCEaI/AAAAAAAABVA/J6c5FEWCVVk/785896b6-3fde-4a44-b6a2-f5033ce149ad.jpg
http://lh6.ggpht.com/_IZpTrEjIab4/SizUo2cW-SI/AAAAAAAABVE/xBs8OiTEu80/6ed14464-7923-413a-b5c8-0276fb749002.jpg
http://lh6.ggpht.com/_IZpTrEjIab4/SizUqDI1HwI/AAAAAAAABVI/QjJU_WtVY7M/20080819_f80016840d97c3b231c9p14NaxValkmI.jpg
http://lh4.ggpht.com/_IZpTrEjIab4/SizUrGq_n5I/AAAAAAAABVM/xjJ1lusOqQo/20080819_4a730fed9dea5af0ae65nnzozDrmSB6E.jpg
http://lh4.ggpht.com/_IZpTrEjIab4/SizUr9y0XmI/AAAAAAAABVQ/s6qLeA6F2jw/20080819_09bf282f68bddfdfe317Jj6xda6e7XhA.jpg
http://lh4.ggpht.com/_IZpTrEjIab4/SizUtOJ_1CI/AAAAAAAABVU/bmiqJSEn_js/20080819_d679b81347a11f1e49f0j3USoT6IQvFQ.jpg
http://lh5.ggpht.com/_IZpTrEjIab4/SizUuNfEy5I/AAAAAAAABVY/-PaAGeYsB98/20080819_dd834aab386264f54e38bX897rOyn2q6.jpg
http://lh4.ggpht.com/_IZpTrEjIab4/SizUvATXrRI/AAAAAAAABVc/T8yo9N7fgW4/20080819_f2c5c32541ac73133f68mq8arjhEDmdj.jpg
http://lh3.ggpht.com/_IZpTrEjIab4/SizUwU8N9yI/AAAAAAAABVk/1PxdwVro9vk/20080819_48b2cdfad4bebc223679JyRR7P2Tk4IF.jpg
http://lh5.ggpht.com/_IZpTrEjIab4/SizUxTjv-hI/AAAAAAAABVo/zfd2ybpJBOo/20080819_5e44123f6f1860ade53cqZ8fjwBjrlgR.jpg
http://lh5.ggpht.com/_IZpTrEjIab4/SizUybVTXuI/AAAAAAAABVs/6Nfd8-p-kBg/20080819_e6864f198354a41dc18aRhpCoArwMtvf.jpg
http://lh3.ggpht.com/_IZpTrEjIab4/SizUzsDE_EI/AAAAAAAABVw/y29aNCjAWDE/20080819_4066ebfab75ec561769cRyFMnhTDxJF7.jpg
http://lh3.ggpht.com/_IZpTrEjIab4/SizU0OUWOQI/AAAAAAAABV0/qpHMnxJwFlc/20081006_d777a29828eb3638d3bfzpxb0Pl1pMsr.jpg
http://lh5.ggpht.com/_IZpTrEjIab4/SizU08dhglI/AAAAAAAABV4/CIl_DdlBxV8/20081006_8e0284e20cd5ec4cf9acVNk8f8jZjVTh.jpg
http://lh3.ggpht.com/_IZpTrEjIab4/SizU11bT5UI/AAAAAAAABV8/zPjIA_Bxzg4/20081006_7c5cce664a770278a743Xr4tubhd0LhB.jpg
http://lh3.ggpht.com/_IZpTrEjIab4/SizU2liEtNI/AAAAAAAABWA/8Je7n9w5Nb0/20081006_1fdf9fede855a4a22d07gCmCSuDwGovs.jpg
http://lh6.ggpht.com/_IZpTrEjIab4/SizU3Sqsb_I/AAAAAAAABWE/TdAuMQ_5Tpk/20081006_e0b9145ea56a78a13eb8LTMPnBesjjoo.jpg
http://lh6.ggpht.com/_IZpTrEjIab4/SizU4SoUxMI/AAAAAAAABWI/zLvlhdoNeQ4/20081006_c19a97548b379f24e142LHYcbabyx0fv.jpg
http://lh5.ggpht.com/_IZpTrEjIab4/SizU5WljdwI/AAAAAAAABWM/QCh6i3bJSL8/20081124_056abe3529a25cc6e4d0NWwXHJbjHbFu.jpg
http://lh5.ggpht.com/_IZpTrEjIab4/SizU6ed3dkI/AAAAAAAABWQ/e7N4_b7Y1HE/20081103_fcb02839199b55d18b599HqhoYjpWAvI.jpg
http://lh4.ggpht.com/_IZpTrEjIab4/SizU7jbFP4I/AAAAAAAABWU/noU3Cf3C8x0/20081103_fd30e10e46eddcb9229cwAtbJJPXQw0S.jpg
http://lh4.ggpht.com/_IZpTrEjIab4/SizU88PsYvI/AAAAAAAABWY/JOda6JZoaW4/20081104_1f8d818213439bacccc11ULel6dY2UOZ.jpg
http://lh5.ggpht.com/_IZpTrEjIab4/SizU9xedQeI/AAAAAAAABWc/U4-peEy3uh8/20080907_14dafaca733e389b2d7d7eAMKBaOmUuv.jpg
http://lh5.ggpht.com/_IZpTrEjIab4/SizU-OaQzdI/AAAAAAAABWg/BHW9ZN7b-iE/Couple.jpg
http://lh4.ggpht.com/_IZpTrEjIab4/SizU-u8Fr6I/AAAAAAAABWk/jcLQ4AdBlys/Couple%20%282%29.jpg
http://lh5.ggpht.com/_IZpTrEjIab4/SizU_PaQLnI/AAAAAAAABWo/zPRsFZ2i8PU/Couple%20%283%29.jpg
http://lh6.ggpht.com/_IZpTrEjIab4/SizU_uorm8I/AAAAAAAABWs/j9qklh9qruM/Couple%20%284%29.jpg
http://lh3.ggpht.com/_IZpTrEjIab4/SizVAJ3C14I/AAAAAAAABWw/lhGilQNp5d4/Couple%20%285%29.jpg
http://lh3.ggpht.com/_IZpTrEjIab4/SizVAiD4IvI/AAAAAAAABW0/pqhmqrSQdzU/Couple%20%287%29.jpg
http://lh6.ggpht.com/_IZpTrEjIab4/SizVBMMB4SI/AAAAAAAABW4/r9JpAE42apc/Couple%20%289%29.jpg
http://lh4.ggpht.com/_IZpTrEjIab4/SizVBlrBGdI/AAAAAAAABW8/ahMC4wuirwA/Couple%20%2810%29.jpg
http://lh4.ggpht.com/_IZpTrEjIab4/SizVB2GQ1OI/AAAAAAAABXA/-hmn7bbHVP0/Couple%20%288%29.jpg
http://lh5.ggpht.com/_IZpTrEjIab4/SizVCfKHZoI/AAAAAAAABXE/0krlM_cca5o/Couple%20%2811%29.jpg
http://lh5.ggpht.com/_IZpTrEjIab4/SizVC8tlKAI/AAAAAAAABXI/KU8MBtRgUiI/Couple%20%2812%29.jpg
http://lh4.ggpht.com/_IZpTrEjIab4/SizVOlrFQXI/AAAAAAAABYY/Osp9Q0skrtQ/708fcf94-135c-4868-aeb5-1727b1e673f8.jpg
http://lh5.ggpht.com/_IZpTrEjIab4/SizVP_yV3bI/AAAAAAAABYc/XigW1H4THro/7b1a4bb1-4166-4afa-8f8a-a11515002b78.jpg
http://lh4.ggpht.com/_IZpTrEjIab4/SizVRfSGUVI/AAAAAAAABYg/j1qqBUhCaE4/fafd9479-9c04-4ad1-a37c-d4c97ade8744.jpg
http://lh5.ggpht.com/_IZpTrEjIab4/SizVSpEm6YI/AAAAAAAABYk/vxQLuTVHEQY/bb96efb5-a9c6-407b-ba5d-81aa296e4655.jpg
http://lh4.ggpht.com/_IZpTrEjIab4/SizVT0PEnUI/AAAAAAAABYo/MlkCr6zgMXw/0c9e85df-6d12-4188-b63e-aa13d47687ae.jpg
http://lh4.ggpht.com/_IZpTrEjIab4/SizVVcxe9BI/AAAAAAAABYs/SgiOq8C5e3Y/20325015-91a1-4921-af26-b64af9e8229c.jpg
http://lh4.ggpht.com/_IZpTrEjIab4/SizVDWPqNyI/AAAAAAAABXM/mynk53fdUf0/3ba699ad-a5be-477d-83ef-3b70bc126550.jpg
http://lh3.ggpht.com/_IZpTrEjIab4/SizVEHvqcpI/AAAAAAAABXQ/izhDUQrgIJs/3e7750fc-165f-43df-8e0d-d16a951dac4a.jpg
http://lh6.ggpht.com/_IZpTrEjIab4/SizVEpqfXLI/AAAAAAAABXU/ahbLhl67DnQ/4b5766f9-199a-49f2-a549-8a200dc0b419.jpg
http://lh4.ggpht.com/_IZpTrEjIab4/SizVFNEb1KI/AAAAAAAABXc/O4DzENERarU/05f78df9-a18c-4f25-998d-ee8d48197ed4.jpg
http://lh4.ggpht.com/_IZpTrEjIab4/SizVF_rMS3I/AAAAAAAABXg/_wNfIQVepJA/7b9afd52-e408-4582-b7bc-2f4dce58139b.jpg
http://lh4.ggpht.com/_IZpTrEjIab4/SizVGbuOMPI/AAAAAAAABXk/f55jAp1WloQ/46a8d189-a6b7-4fd7-8ec5-3e98bb39852e.jpg
http://lh4.ggpht.com/_IZpTrEjIab4/SizVHDMbn_I/AAAAAAAABXo/5n3g7LaFm7A/65c8cd0e-e04e-47a0-8b84-c24e970f8dc4.jpg
http://lh6.ggpht.com/_IZpTrEjIab4/SizVHvlvpwI/AAAAAAAABXs/nclt1tnJS0w/960f2b4b-9fdb-432b-b667-e9491eecacc1.jpg
http://lh5.ggpht.com/_IZpTrEjIab4/SizVIPqM_GI/AAAAAAAABXw/95oCsu3wwT0/32732ec5-2669-4916-ba92-f9b2ad159f26.jpg
http://lh5.ggpht.com/_IZpTrEjIab4/SizVIl-KsnI/AAAAAAAABX0/-SpGgWRB01o/b866f099-cef6-413a-af23-9535dd81c9ab.jpg
http://lh6.ggpht.com/_IZpTrEjIab4/SizVJes4PCI/AAAAAAAABX4/QYRx5e8ndVU/bb58f263-32c8-4c83-a9b4-3dab8ea47988.jpg
http://lh3.ggpht.com/_IZpTrEjIab4/SizVKI9ilxI/AAAAAAAABX8/8_hts0K4njU/bf03d194-1d3c-4103-8737-75f8f16b14b7.jpg
http://lh6.ggpht.com/_IZpTrEjIab4/SizVKkifGOI/AAAAAAAABYA/D87-T9FTYek/ca59ef28-341b-476d-a9f0-ed2471e41b9f.jpg
http://lh3.ggpht.com/_IZpTrEjIab4/SizVLW-J_GI/AAAAAAAABYE/hW8YGmAhr8k/d459296d-6892-4a19-9dbf-769265899055.jpg
http://lh6.ggpht.com/_IZpTrEjIab4/SizVLsx37PI/AAAAAAAABYI/61RDGbuM8Cg/e54f11b1-b8a2-4be1-b38c-e3c6fc0f3bed.jpg
http://lh6.ggpht.com/_IZpTrEjIab4/SizVMSmkLUI/AAAAAAAABYM/Q_KTU7hhuFw/f2b29fb9-d346-42d8-a761-23cec1de7a56.jpg
http://lh6.ggpht.com/_IZpTrEjIab4/SizVM2VyVJI/AAAAAAAABYQ/5ZmFHZDgBTY/f4033989-0d90-4a8e-804a-8755324a0c62.jpg
http://lh6.ggpht.com/_IZpTrEjIab4/SizVNWh8m1I/AAAAAAAABYU/7AH-Mk14WwQ/fca55f43-34d3-44a1-97d3-f3fe6e2ca832.jpg
http://lh5.ggpht.com/_IZpTrEjIab4/SiD7ufq39HI/AAAAAAAAA3U/2bPJuplhyzU/moko-niki-12.jpg
http://lh6.ggpht.com/_IZpTrEjIab4/SiD9JNPt-VI/AAAAAAAAA8k/9_v-KVEWEkg/moko-niki-01.jpg
http://lh3.ggpht.com/_IZpTrEjIab4/SiqP3S-jO_I/AAAAAAAABFc/QAKG2zVSpIo/moko-chuchai-03.jpg
http://lh4.ggpht.com/_IZpTrEjIab4/SiqP5MlFKiI/AAAAAAAABFg/pGCExoOEqzE/moko-chuchai-01.jpg
http://lh3.ggpht.com/_IZpTrEjIab4/SiqP6tOu3FI/AAAAAAAABFk/aR-Ynf0CPcg/moko-chuchai-04.jpg
http://lh3.ggpht.com/_IZpTrEjIab4/SiqP8DJEN_I/AAAAAAAABFo/hWaB_LCp0h0/moko-chuchai-02.jpg
http://lh5.ggpht.com/_IZpTrEjIab4/Siu8KJsRJFI/AAAAAAAABPY/kvh8Bc9he3s/e959c612-515b-40dc-8291-2ca953bbb6b3.jpg
http://lh6.ggpht.com/_IZpTrEjIab4/Siu8LbV9V1I/AAAAAAAABPc/XDWyMkkjJfc/f9e5617d-ffdc-49a5-816c-a6b83794afed.jpg
http://lh3.ggpht.com/_IZpTrEjIab4/Siu8M46EORI/AAAAAAAABPg/YuE-wfIVNKw/61b11b11-0785-4255-8de8-4a671f749f4c.jpg
http://lh5.ggpht.com/_IZpTrEjIab4/Siu8OZHsmVI/AAAAAAAABPk/UWPojmEYLdI/b5d2fe48-c3f5-4616-9ba3-5f91976710cc.jpg
http://lh5.ggpht.com/_IZpTrEjIab4/Siu8QGfNv4I/AAAAAAAABPo/jH35g5vpVvs/3fa9547d-bc0f-4fa1-95f6-ac7575489fe2.jpg
http://lh3.ggpht.com/_IZpTrEjIab4/Siu8R_d4g8I/AAAAAAAABPs/I7jGrPE0QFo/67241f79-d6f8-4e52-b6fd-5b00d882959e.jpg
http://lh4.ggpht.com/_IZpTrEjIab4/Siu8EGbAtdI/AAAAAAAABPE/INnC-NwATJU/M2%20%2825%29.jpg
http://lh4.ggpht.com/_IZpTrEjIab4/Siu8E-S55gI/AAAAAAAABPI/QVC5e0Drm-4/M2%20%284%29.jpg
http://lh4.ggpht.com/_IZpTrEjIab4/Siu8SzGpeVI/AAAAAAAABPw/FpmFqOr2d-I/M2%20%2839%29.jpg
http://lh5.ggpht.com/_IZpTrEjIab4/Siu8UG_ZvFI/AAAAAAAABP0/iBr4N4oEGds/M2%20%2823%29.jpg
http://lh3.ggpht.com/_IZpTrEjIab4/Siu8Vc9-jTI/AAAAAAAABP8/5p2YE2dupks/M2%20%2842%29.jpg
http://lh4.ggpht.com/_IZpTrEjIab4/SiD9N1x8xUI/AAAAAAAAA84/AiiAsPxGs3A/im-ji-hye-01.jpg
http://lh3.ggpht.com/_IZpTrEjIab4/SiuofeT2i8I/AAAAAAAABKo/tHl1j44eZJ4/ljh-sd02.jpg
http://lh4.ggpht.com/_IZpTrEjIab4/SiuohAwI6pI/AAAAAAAABKs/edSGtXf4vHM/ljh-sd01.jpg
http://lh6.ggpht.com/_IZpTrEjIab4/SiuoiIJqB1I/AAAAAAAABK0/ABLBlKTw7uU/ljh-sd03.jpg
http://lh5.ggpht.com/_IZpTrEjIab4/Siuoi7cC88I/AAAAAAAABK4/F2VPGjPw3d4/LJH-SD35.jpg
http://lh4.ggpht.com/_IZpTrEjIab4/Siuoj5zxcUI/AAAAAAAABK8/z6Pl8-EChso/ljh-sd33.jpg
http://lh5.ggpht.com/_IZpTrEjIab4/SiuokhUTJrI/AAAAAAAABLA/qDoCTBtJGjc/LJH-SD05.jpg
http://lh3.ggpht.com/_IZpTrEjIab4/Siuole6KN9I/AAAAAAAABLE/gPewZ-fh4WA/LJH-SD08.jpg
http://lh3.ggpht.com/_IZpTrEjIab4/SiuomN9PvMI/AAAAAAAABLI/ludu9fgk3bA/LJH-SD10.jpg
http://lh3.ggpht.com/_IZpTrEjIab4/Siuom3zwSLI/AAAAAAAABLM/CTi94lmSqxM/LJH-SD11.jpg
http://lh6.ggpht.com/_IZpTrEjIab4/Siuon5dDzgI/AAAAAAAABLQ/8IJmMd6AB1g/LJH-SD12.jpg
http://lh5.ggpht.com/_IZpTrEjIab4/SiuoosYr9hI/AAAAAAAABLU/WjPPro8JWsU/LJH-SD13.jpg
http://lh4.ggpht.com/_IZpTrEjIab4/SiuopQFTT6I/AAAAAAAABLY/bOaaZQfEEmU/LJH-SD14.jpg
http://lh5.ggpht.com/_IZpTrEjIab4/SiuoqCQFnMI/AAAAAAAABLc/Y-YHzs3npn0/LJH-SD15.jpg
http://lh3.ggpht.com/_IZpTrEjIab4/SiuoqiQdu-I/AAAAAAAABLg/agA0bmB2bXY/LJH-SD16.jpg
http://lh4.ggpht.com/_IZpTrEjIab4/SiuoraqTrfI/AAAAAAAABLk/g_YvN10Hxfk/LJH-SD17.jpg
http://lh5.ggpht.com/_IZpTrEjIab4/SiuosPC9PqI/AAAAAAAABLo/GAKPR1Puuvk/LJH-SD18.jpg
http://lh4.ggpht.com/_IZpTrEjIab4/Siuos7RZjRI/AAAAAAAABLs/ttmeoakTH5w/LJH-SD19.jpg
http://lh3.ggpht.com/_IZpTrEjIab4/SiuotgE1fkI/AAAAAAAABLw/HZkmxFH-EYs/LJH-SD20.jpg
http://lh3.ggpht.com/_IZpTrEjIab4/SiuouTF6AtI/AAAAAAAABL0/TzWUBS6Mt9s/LJH-SD21.jpg
http://lh4.ggpht.com/_IZpTrEjIab4/SiuovN0QdcI/AAAAAAAABL4/8KsjPWOXLas/LJH-SD22.jpg
http://lh3.ggpht.com/_IZpTrEjIab4/Siuovtjd9CI/AAAAAAAABL8/3dNu6f0DdNk/LJH-SD23.jpg
http://lh5.ggpht.com/_IZpTrEjIab4/SiuowEspNtI/AAAAAAAABMA/eX53GV0bbUA/LJH-SD24.jpg
http://lh3.ggpht.com/_IZpTrEjIab4/SiuowgEVFHI/AAAAAAAABME/EDdzNHmOFcY/LJH-SD25.jpg
http://lh5.ggpht.com/_IZpTrEjIab4/SiuoxGOBZ4I/AAAAAAAABMI/P7LAOtWTLzs/LJH-SD26.jpg
http://lh4.ggpht.com/_IZpTrEjIab4/SiuoxgUGEzI/AAAAAAAABMM/uhiSRQ6l4Gk/LJH-SD27.jpg
http://lh3.ggpht.com/_IZpTrEjIab4/Siuox9UEAoI/AAAAAAAABMQ/o0RduiHk9ls/LJH-SD28.jpg
http://lh5.ggpht.com/_IZpTrEjIab4/SiuoydWU65I/AAAAAAAABMU/A1MGcox2Z-A/LJH-SD29.jpg
http://lh6.ggpht.com/_IZpTrEjIab4/SiuozFyqKFI/AAAAAAAABMY/uvjlxtgN2WA/LJH-SD30.jpg
http://lh3.ggpht.com/_IZpTrEjIab4/SiuozjTpHuI/AAAAAAAABMc/gGCVFSa7hz4/LJH-SD31.jpg
http://lh5.ggpht.com/_IZpTrEjIab4/Siuoz7dGMQI/AAAAAAAABMg/gMpMX5IahSo/LJH-SD32.jpg
http://lh4.ggpht.com/_IZpTrEjIab4/Siuo0qSqBxI/AAAAAAAABMk/umJi36EtCqY/LJH-SD34.jpg
http://lh4.ggpht.com/_IZpTrEjIab4/Siuo1EsEQ8I/AAAAAAAABMo/igwNR62lrl8/ljh-sd04.jpg
http://lh5.ggpht.com/_IZpTrEjIab4/Siuo1zuCdqI/AAAAAAAABMs/wvhq_xHJsOY/ljh-sd06.jpg
http://lh6.ggpht.com/_IZpTrEjIab4/Siuo2R9tViI/AAAAAAAABMw/P-q9_ozYJG0/ljh-sd07.jpg
http://lh3.ggpht.com/_IZpTrEjIab4/Siuo3EefFHI/AAAAAAAABM0/ASe4OQNaAwE/ljh-sd09.jpg
http://lh5.ggpht.com/_IZpTrEjIab4/SkN2vCFpe5I/AAAAAAAABjo/YJekA3r_5YQ/Im%20Ji%20Hye%2007.jpg
http://lh3.ggpht.com/_IZpTrEjIab4/SkN2vyicmqI/AAAAAAAABjs/68sfArG43YI/Im%20Ji%20Hye%2006.jpg
http://lh5.ggpht.com/_IZpTrEjIab4/SkN2wU5ACDI/AAAAAAAABjw/AirslxIw7L0/Im%20Ji%20Hye%2008.jpg
http://lh4.ggpht.com/_IZpTrEjIab4/SkN22hmqOwI/AAAAAAAABkE/jPFnOTBnVhw/Im%20Ji%20Hye%2002.jpg
http://lh3.ggpht.com/_IZpTrEjIab4/SkN25O73pXI/AAAAAAAABkQ/qcW3i2Xt9qE/Im%20Ji%20Hye%2005.jpg
http://lh6.ggpht.com/_IZpTrEjIab4/SkN25nMoO_I/AAAAAAAABkU/ufNb6uYkNEE/Im%20Ji%20Hye%2004.jpg
http://lh5.ggpht.com/_IZpTrEjIab4/SkN26oz79lI/AAAAAAAABkY/ijaR0Zc9648/Im%20Ji%20Hye%2003.jpg
http://lh6.ggpht.com/_IZpTrEjIab4/SkN27BFm1ZI/AAAAAAAABkc/cGEjslwQaCs/Im%20Ji%20Hye%2001.jpg
http://lh6.ggpht.com/_IZpTrEjIab4/SkN2_-h_J3I/AAAAAAAABkw/F5nDpq49M0E/Im%20Ji%20Hye%2010.jpg
http://lh3.ggpht.com/_IZpTrEjIab4/SkN3A5UAjHI/AAAAAAAABk4/fOZyJ9IjAzw/Im%20Ji%20Hye%2009.jpg
http://lh5.ggpht.com/_IZpTrEjIab4/SkN3Bl0rHVI/AAAAAAAABk8/N5hvVHqjFbM/Im%20Ji%20Hye%2014.jpg
http://lh4.ggpht.com/_IZpTrEjIab4/SkN3DuX2gsI/AAAAAAAABlA/v1BWDJEs9z8/Im%20Ji%20Hye%2018.jpg
http://lh3.ggpht.com/_IZpTrEjIab4/SkN3Ehq5l-I/AAAAAAAABlE/bMWen6VKxvM/Im%20Ji%20Hye%2031.jpg
http://lh6.ggpht.com/_IZpTrEjIab4/SkN3FqDkO5I/AAAAAAAABlI/yW3EWpqc-og/Im%20Ji%20Hye%2029.jpg
http://lh3.ggpht.com/_IZpTrEjIab4/SkN3Gj6NvqI/AAAAAAAABlM/qOb6O59_ONE/Im%20Ji%20Hye%2032.jpg
http://lh4.ggpht.com/_IZpTrEjIab4/SkN3HdOv_pI/AAAAAAAABlQ/vtx1pvzsPJM/Im%20Ji%20Hye%2030.jpg
http://lh5.ggpht.com/_IZpTrEjIab4/SkN3eCN9ZNI/AAAAAAAABmw/1lGFSD1GilQ/Im%20Ji%20Hye%2016.jpg
http://lh6.ggpht.com/_IZpTrEjIab4/SkN3epbsfwI/AAAAAAAABm0/z50fvI3Jrik/Im%20Ji%20Hye%2017.jpg
http://lh4.ggpht.com/_IZpTrEjIab4/SkN3fYFf0II/AAAAAAAABm4/EdX6X0Z13pQ/Im%20Ji%20Hye%2019.jpg
http://lh5.ggpht.com/_IZpTrEjIab4/SkN3fx3KRwI/AAAAAAAABm8/9vpghgAOFmA/Im%20Ji%20Hye%2026.jpg
http://lh6.ggpht.com/_IZpTrEjIab4/Siu8GK2OfAI/AAAAAAAABPM/50pqAPS89hI/20080906_7bdee5d9ca49cedd9a84hy6ZpHiptfo1.jpg
http://lh4.ggpht.com/_IZpTrEjIab4/Siu8HUsPGQI/AAAAAAAABPQ/zdFd0MqY0_c/20080906_acbedea148680f469dd0iqC8A0M1y3wQ.jpg
http://lh3.ggpht.com/_IZpTrEjIab4/Siu-jDPnDuI/AAAAAAAABQ0/7qxZM1k0Wzs/a20080906_0f91e74e60f01dc25299eX9HJQJZdOVL.jpg
http://lh4.ggpht.com/_IZpTrEjIab4/Siu-mnXSdpI/AAAAAAAABRA/kXpL-sgrMek/a20080906_568976ae47b567aef719513GJ4oym1Wt.jpg
http://lh4.ggpht.com/_IZpTrEjIab4/Siu-nqOOpHI/AAAAAAAABRE/O5HveMJM_dE/a20080906_1633907b5ea148fca5b3fVaaI6k8EmSA.jpg
http://lh4.ggpht.com/_IZpTrEjIab4/Siu8WZ_bh1I/AAAAAAAABQA/c2VVpxyNZMA/20080906_c284fafe5db8303a8da9vFfrrhayouf9.jpg
http://lh4.ggpht.com/_IZpTrEjIab4/Siu8XVhHPoI/AAAAAAAABQE/4HiSrCTgBmY/20080906_d2bb8a28a35b51f4119dchaHypfA5Jl6.jpg
http://lh6.ggpht.com/_IZpTrEjIab4/Siu8Im-0cfI/AAAAAAAABPU/Zno6UgorOb4/20080906_ece8f8392bca1dcb44beFlWktO3rYqH2.jpg
http://lh4.ggpht.com/_IZpTrEjIab4/Siu-kQGfrgI/AAAAAAAABQ4/XrfQSkEpyAk/a20080906_817b8dddc3c6cccaf57fFvN00msFHj3z.jpg
http://lh6.ggpht.com/_IZpTrEjIab4/Siu-lRJJ2DI/AAAAAAAABQ8/5IaCwYgNICY/a20080906_6888ae2c5c41786879d17GeExRyu5EYH.jpg
http://lh6.ggpht.com/_IZpTrEjIab4/Siu-fBJqaxI/AAAAAAAABQk/avkdr7k0VZ4/a20080906_c05de14f42ec0213bca89Dqw9isqLThe.jpg
http://lh6.ggpht.com/_IZpTrEjIab4/Siu-gBjm5KI/AAAAAAAABQo/Hh7iZKxi_KE/a20080906_a633725c9620aba4e8c3zpdNycL3147A.jpg
http://lh5.ggpht.com/_IZpTrEjIab4/Siu-hPahCuI/AAAAAAAABQs/aImTQ_74Zuw/a20080906_30234f1bf732a5dae93f3st8NhKATUZn.jpg
http://lh3.ggpht.com/_IZpTrEjIab4/Siu-iPlfGPI/AAAAAAAABQw/CLiNeGvnYZk/a20080906_f37c23ddec9fd964c6acVw3J4C5WtjYV.jpg
http://lh3.ggpht.com/_IZpTrEjIab4/SiqO-1QBa9I/AAAAAAAABBI/BoGfoLqk6M0/seo-you-jin-wedding-08.jpg
http://lh5.ggpht.com/_IZpTrEjIab4/SiqO_TGB7rI/AAAAAAAABBM/6ojzYzSyU1E/seo-you-jin-wedding-09.jpg
http://lh5.ggpht.com/_IZpTrEjIab4/SiqO_wt_86I/AAAAAAAABBQ/ZG09yxg5WLY/seo-you-jin-wedding-10.jpg
http://lh3.ggpht.com/_IZpTrEjIab4/SiqPASsfisI/AAAAAAAABBU/OtOFK94Gy7o/seo-you-jin-wedding-07.jpg
http://lh3.ggpht.com/_IZpTrEjIab4/SiqPA4EteMI/AAAAAAAABBY/8YZEqPPEq7c/seo-you-jin-wedding-11.jpg
http://lh4.ggpht.com/_IZpTrEjIab4/SiqPBZ4AvmI/AAAAAAAABBc/_CbuFrtlRVQ/seo-you-jin-wedding-12.jpg
http://lh3.ggpht.com/_IZpTrEjIab4/SiqPB_epqmI/AAAAAAAABBg/hD1i1h8H1nY/seo-you-jin-wedding-13.jpg
http://lh5.ggpht.com/_IZpTrEjIab4/SiqPCABKhnI/AAAAAAAABBk/Iyc-VdW-6y0/seo-you-jin-wedding-14.jpg
http://lh6.ggpht.com/_IZpTrEjIab4/SiqPC9644fI/AAAAAAAABBo/aBnmOtzkW1c/seo-you-jin-wedding-15.jpg
http://lh6.ggpht.com/_IZpTrEjIab4/SiqPDuYd-8I/AAAAAAAABBw/ztne6Sy4KmU/seo-you-jin-wedding-17.jpg
http://lh5.ggpht.com/_IZpTrEjIab4/SiqPEMrGbvI/AAAAAAAABB0/uX81WPtff18/seo-you-jin-wedding-20.jpg
http://lh3.ggpht.com/_IZpTrEjIab4/SiqPE_kt7mI/AAAAAAAABB4/j9wOAkXgYrQ/seo-you-jin-wedding-05.jpg
http://lh6.ggpht.com/_IZpTrEjIab4/SiqPFjQRLyI/AAAAAAAABB8/6XPhyT-A7IA/seo-you-jin-wedding-03.jpg
http://lh4.ggpht.com/_IZpTrEjIab4/SiqPGAzlrmI/AAAAAAAABCA/23MZtHi6F0M/seo-you-jin-wedding-02.jpg
http://lh5.ggpht.com/_IZpTrEjIab4/SiqPGhPwEDI/AAAAAAAABCE/jxrzEugI9Pw/seo-you-jin-wedding-06.jpg
http://lh5.ggpht.com/_IZpTrEjIab4/SiqPHczFbII/AAAAAAAABCI/TkL1kTX4PL4/seo-you-jin-wedding-01.jpg
http://lh5.ggpht.com/_IZpTrEjIab4/SiqPNOziYvI/AAAAAAAABCc/yRorOHJUlmI/seo-you-jin-pink-pjs-20.jpg
http://lh6.ggpht.com/_IZpTrEjIab4/SiqPOPODQ7I/AAAAAAAABCg/LFCHMyWWNlE/seo-you-jin-pink-pjs-05.jpg
http://lh4.ggpht.com/_IZpTrEjIab4/SiqPPHqx_QI/AAAAAAAABCk/CS_RRkVO6Fc/seo-you-jin-pink-pjs-08.jpg
http://lh4.ggpht.com/_IZpTrEjIab4/SiqPPz8KSZI/AAAAAAAABCo/-6RvQDxAJHk/seo-you-jin-pink-pjs-09.jpg
http://lh5.ggpht.com/_IZpTrEjIab4/SiqPQ_E3BAI/AAAAAAAABCs/zs3UzdXPBCM/seo-you-jin-pink-pjs-07.jpg
http://lh6.ggpht.com/_IZpTrEjIab4/SiqPRkYFtCI/AAAAAAAABCw/ySif1M5ORSM/seo-you-jin-pink-pjs-16.jpg
http://lh4.ggpht.com/_IZpTrEjIab4/SiqPSRo0nSI/AAAAAAAABC0/Q0Nv6LO-hhA/seo-you-jin-pink-pjs-11.jpg
http://lh6.ggpht.com/_IZpTrEjIab4/SiqPS7pQlGI/AAAAAAAABC4/hXW88C2HmMs/seo-you-jin-pink-pjs-04.jpg
http://lh5.ggpht.com/_IZpTrEjIab4/SiqPTfEBu8I/AAAAAAAABC8/oq39OVQuBYk/seo-you-jin-pink-pjs-06.jpg
http://lh5.ggpht.com/_IZpTrEjIab4/SiqPUI623hI/AAAAAAAABDA/cr_pZ17RXHE/seo-you-jin-pink-pjs-12.jpg
http://lh5.ggpht.com/_IZpTrEjIab4/SiqPU9YPEdI/AAAAAAAABDE/NCoxm_40Y3k/seo-you-jin-pink-pjs-01.jpg
http://lh5.ggpht.com/_IZpTrEjIab4/SiqPVvfQMGI/AAAAAAAABDI/WA21NGltJL8/seo-you-jin-pink-pjs-02.jpg
http://lh6.ggpht.com/_IZpTrEjIab4/SiqPWVxKv6I/AAAAAAAABDM/LEaeW03gLIA/seo-you-jin-pink-pjs-03.jpg
http://lh5.ggpht.com/_IZpTrEjIab4/SiqPXaJZYNI/AAAAAAAABDU/ubChUADttm4/seo-you-jin-pink-pjs-13.jpg
http://lh6.ggpht.com/_IZpTrEjIab4/SiqPX9Lc8DI/AAAAAAAABDY/-ZsAYeSspdA/seo-you-jin-pink-pjs-24.jpg
http://lh6.ggpht.com/_IZpTrEjIab4/SiqPYiU9llI/AAAAAAAABDc/82ymh-NoRi0/seo-you-jin-pink-pjs-25.jpg
http://lh3.ggpht.com/_IZpTrEjIab4/SiqPZGA0WvI/AAAAAAAABDg/5MdwtWxQBUU/seo-you-jin-pink-pjs-26.jpg
http://lh5.ggpht.com/_IZpTrEjIab4/SiqPZ5SfwDI/AAAAAAAABDk/V6BLyRuy5aU/seo-you-jin-pink-pjs-28.jpg
http://lh3.ggpht.com/_IZpTrEjIab4/SiqPe6d5UvI/AAAAAAAABEI/tFAwNqF2kzw/seo-you-jin-pink-pjs-32.jpg
http://lh4.ggpht.com/_IZpTrEjIab4/SiqPgNJ5RoI/AAAAAAAABEU/IoWZd75M5f0/seo-you-jin-pink-pjs-30.jpg
http://lh5.ggpht.com/_IZpTrEjIab4/SiqQGrRMsFI/AAAAAAAABGY/7cmEKjsm65w/jyh-and-cyj-03.jpg
http://lh4.ggpht.com/_IZpTrEjIab4/SiqQJhwvydI/AAAAAAAABGc/99JlyDDQoaM/jyh-and-cyj-01.jpg
http://lh6.ggpht.com/_IZpTrEjIab4/SiqQK0ycumI/AAAAAAAABGg/qtUPLjeksNo/jyh-and-cyj-04.jpg
http://lh3.ggpht.com/_IZpTrEjIab4/SiqQLyWlynI/AAAAAAAABGk/ChXV2OeU_Vo/jyh-and-cyj-02.jpg
http://lh5.ggpht.com/_IZpTrEjIab4/SiqQM-AfszI/AAAAAAAABGo/j7Gs3Nh7erA/jyh-and-cyj-05.jpg
http://lh4.ggpht.com/_IZpTrEjIab4/SiqQO8O2CQI/AAAAAAAABGs/Wg7nA8sbJrA/jyh-and-cyj-06.jpg
http://lh5.ggpht.com/_IZpTrEjIab4/SiqQR597LVI/AAAAAAAABGw/dh17747SB3w/jyh-and-cyj-12.jpg
http://lh6.ggpht.com/_IZpTrEjIab4/SiqQUiklcBI/AAAAAAAABG0/JGGuagYU17E/jyh-and-cyj-13.jpg
http://lh5.ggpht.com/_IZpTrEjIab4/SiqQWyY_moI/AAAAAAAABG8/ERnOqWHsTPk/jyh-and-cyj-16.jpg
http://lh6.ggpht.com/_IZpTrEjIab4/SiqQYU9meRI/AAAAAAAABHA/KwXQRw8uMEc/jyh-and-cyj-15.jpg
http://lh3.ggpht.com/_IZpTrEjIab4/SiqQaAFw5AI/AAAAAAAABHE/DnPUyd5LPoI/jyh-and-cyj-14.jpg
http://lh3.ggpht.com/_IZpTrEjIab4/SiqQctq-xFI/AAAAAAAABHI/VsZZgMe4a1w/jyh-and-cyj-08.jpg
http://lh3.ggpht.com/_IZpTrEjIab4/SiqQeeG_P4I/AAAAAAAABHM/rMFBqctZISg/jyh-and-cyj-10.jpg
http://lh5.ggpht.com/_IZpTrEjIab4/SiqQf9ob9vI/AAAAAAAABHQ/485L4MLwVqw/jyh-and-cyj-11.jpg
http://lh5.ggpht.com/_IZpTrEjIab4/SiqQi0k7jXI/AAAAAAAABHU/nu12lr8_7C0/jyh-and-cyj-07.jpg
http://lh4.ggpht.com/_IZpTrEjIab4/SiqQl4PWo4I/AAAAAAAABHY/OloJ_vyh8xg/jyh-and-cyj-09.jpg
http://lh5.ggpht.com/_IZpTrEjIab4/SiPpodsUlqI/AAAAAAAAA_Y/Bb_qE20rNi8/16.jpg
http://lh3.ggpht.com/_IZpTrEjIab4/SiPppBu_o-I/AAAAAAAAA_c/B1134NJtAY0/1.jpg
http://lh4.ggpht.com/_IZpTrEjIab4/SiPppmNaY3I/AAAAAAAAA_g/eaxh1Ghyw3k/9.jpg
http://lh6.ggpht.com/_IZpTrEjIab4/SiPpqVEFzjI/AAAAAAAAA_k/tpB68orYnnE/3.jpg
http://lh5.ggpht.com/_IZpTrEjIab4/SiPprB99iUI/AAAAAAAAA_o/AshE4HG1KEs/5.jpg
http://lh5.ggpht.com/_IZpTrEjIab4/SiPprxX-WRI/AAAAAAAAA_s/vGwQpOmx3wU/8.jpg
http://lh3.ggpht.com/_IZpTrEjIab4/SiPpsXbKLhI/AAAAAAAAA_w/Q_GQvks772Y/6.jpg
http://lh5.ggpht.com/_IZpTrEjIab4/SiPps-USPKI/AAAAAAAAA_0/MdnVQrLTrj4/7.jpg
http://lh4.ggpht.com/_IZpTrEjIab4/SiPptVdvGGI/AAAAAAAAA_4/CAYq34CDTBM/2.jpg
http://lh6.ggpht.com/_IZpTrEjIab4/SiPpuKzaMJI/AAAAAAAAA_8/_BT30Hn9eBM/17.jpg
http://lh5.ggpht.com/_IZpTrEjIab4/SiPpu4RuJ7I/AAAAAAAABAA/3aLp5mYdVtM/14.jpg
http://lh5.ggpht.com/_IZpTrEjIab4/SiPpvdJwqTI/AAAAAAAABAE/nEflah2ka6k/10.jpg
http://lh3.ggpht.com/_IZpTrEjIab4/SiPpwTfqhwI/AAAAAAAABAI/nXJaixznDPA/11.jpg
http://lh5.ggpht.com/_IZpTrEjIab4/SiPpxI_hDGI/AAAAAAAABAM/PiWrfny7vBA/15.jpg
http://lh6.ggpht.com/_IZpTrEjIab4/SiPpxk1s1qI/AAAAAAAABAQ/Xk_wYO4E2Gc/12.jpg
http://lh6.ggpht.com/_IZpTrEjIab4/SiPpyVfhFUI/AAAAAAAABAU/_LOwH8JAJNA/13.jpg
http://lh5.ggpht.com/_IZpTrEjIab4/SiD8FxM1onI/AAAAAAAAA44/Ub4AtZUYNp4/syjvu5p6386.jpg
http://lh6.ggpht.com/_IZpTrEjIab4/SiD8GiU3lAI/AAAAAAAAA48/6W8lqgsX1rw/syjvu5p6407.jpg
http://lh3.ggpht.com/_IZpTrEjIab4/SiD8Hhr8MVI/AAAAAAAAA5A/p46wx3lNWI4/syjvu5p6420.jpg
http://lh6.ggpht.com/_IZpTrEjIab4/SiD8Ih1PVjI/AAAAAAAAA5E/-OfmDwzVmp8/syjvu5p6424.jpg
http://lh4.ggpht.com/_IZpTrEjIab4/SiD8JeSSLjI/AAAAAAAAA5I/M-pD6WalQB8/syjvu5p6448.jpg
http://lh5.ggpht.com/_IZpTrEjIab4/SiD8KaYz1QI/AAAAAAAAA5M/jOfuv55Ov-w/syjvu5p6463.jpg
http://lh3.ggpht.com/_IZpTrEjIab4/SiD8LIM29ZI/AAAAAAAAA5Q/QJVq1CC3yQk/syjvu5p6469.jpg
http://lh6.ggpht.com/_IZpTrEjIab4/SiD8L_q6IKI/AAAAAAAAA5U/ch0j1xLAsLI/syjvu5p6482.jpg
http://lh6.ggpht.com/_IZpTrEjIab4/SiD8MiUjG4I/AAAAAAAAA5Y/McN6mDCysbM/syjvu5p6497.jpg
http://lh3.ggpht.com/_IZpTrEjIab4/SiD8NkZk4BI/AAAAAAAAA5c/Dmp19OruCXo/syjvu5p6543.jpg
http://lh4.ggpht.com/_IZpTrEjIab4/SiD8OXAaqtI/AAAAAAAAA5k/verTTSeSALw/syjvu5p6544.jpg
http://lh3.ggpht.com/_IZpTrEjIab4/SiD8PPhmI6I/AAAAAAAAA5o/5fpVAotMIvY/syjvu5p6548.jpg
http://lh6.ggpht.com/_IZpTrEjIab4/SiD8QNbFpzI/AAAAAAAAA5s/xmeXTu_KsxU/syjvu5p6552.jpg
http://lh6.ggpht.com/_IZpTrEjIab4/SiD8Q24Gf2I/AAAAAAAAA5w/0Ei9yv6bvrQ/syjvu5p6568.jpg
http://lh4.ggpht.com/_IZpTrEjIab4/SiD8RyTY75I/AAAAAAAAA50/7Gu63Ih5HL8/syjvu5p6585.jpg
http://lh3.ggpht.com/_IZpTrEjIab4/SiD8S30j4kI/AAAAAAAAA54/gVOGhdfpXkg/syjvu5p6590.jpg
http://lh6.ggpht.com/_IZpTrEjIab4/SiD8TV_McxI/AAAAAAAAA58/XjAZlphO9S0/syjvu5p6606.jpg
http://lh3.ggpht.com/_IZpTrEjIab4/SiD8UDtKElI/AAAAAAAAA6A/R8psUy71S3Y/syjvu5p6608.jpg
http://lh6.ggpht.com/_IZpTrEjIab4/SiqO96cMmGI/AAAAAAAABBA/pcp1EXeg4-s/seo-you-jin-korea-gravia-06.jpg
http://lh3.ggpht.com/_IZpTrEjIab4/SiqO-RWzb9I/AAAAAAAABBE/1lgDBSbUExU/seo-you-jin-korea-gravia-05.jpg
http://lh6.ggpht.com/_IZpTrEjIab4/SiqPazkUbXI/AAAAAAAABDo/kikzp0GDf5k/seo-you-jin-fighter-25.jpg
http://lh5.ggpht.com/_IZpTrEjIab4/SiqPbsJ0A9I/AAAAAAAABDs/J5awFPc3IU8/seo-you-jin-fighter-20.jpg
http://lh5.ggpht.com/_IZpTrEjIab4/SiqPcVON6VI/AAAAAAAABDw/DEwYaOoC5I4/seo-you-jin-fighter-26.jpg
http://lh3.ggpht.com/_IZpTrEjIab4/SiqPcxdlFBI/AAAAAAAABD0/hUQE78SFgGA/seo-you-jin-fighter-27.jpg
http://lh6.ggpht.com/_IZpTrEjIab4/SiqPdx3ci1I/AAAAAAAABD8/I5MUXuKdzJs/seo-you-jin-fighter-28.jpg
http://lh3.ggpht.com/_IZpTrEjIab4/SiqPedM7KVI/AAAAAAAABEE/bTnZ5Z7WMZ4/seo-you-jin-fighter-29.jpg
http://lh4.ggpht.com/_IZpTrEjIab4/SiqPfZucKZI/AAAAAAAABEM/-okV9-RGDiw/seo-you-jin-fighter-31.jpg
http://lh4.ggpht.com/_IZpTrEjIab4/SiqPfvN3viI/AAAAAAAABEQ/mOHQkGtcBEk/seo-you-jin-fighter-32.jpg
http://lh4.ggpht.com/_IZpTrEjIab4/SiqPgl4jYLI/AAAAAAAABEY/W5lV13rwF9Y/seo-you-jin-fighter-22.jpg
http://lh6.ggpht.com/_IZpTrEjIab4/SiqPheBG4FI/AAAAAAAABEc/3HA93Se39ds/seo-you-jin-fighter-21.jpg
http://lh6.ggpht.com/_IZpTrEjIab4/SiqPiIN_dlI/AAAAAAAABEg/sTF3USLQhqs/seo-you-jin-fighter-23.jpg
http://lh3.ggpht.com/_IZpTrEjIab4/SiqPi2dpubI/AAAAAAAABEk/HczUR-Z026o/seo-you-jin-fighter-19.jpg
http://lh6.ggpht.com/_IZpTrEjIab4/SiqPjVpWwCI/AAAAAAAABEo/Rr7U4GtJWCM/seo-you-jin-fighter-33.jpg
http://lh3.ggpht.com/_IZpTrEjIab4/SiqPjvvOaeI/AAAAAAAABEs/p-5r3dacblA/seo-you-jin-fighter-34.jpg
http://lh4.ggpht.com/_IZpTrEjIab4/SiqPkDzdpwI/AAAAAAAABEw/e9Vzjhjq1dE/seo-you-jin-fighter-35.jpg
http://lh6.ggpht.com/_IZpTrEjIab4/SiqPkdw2gUI/AAAAAAAABE0/U-ZXullAd2I/seo-you-jin-fighter-36.jpg
http://lh5.ggpht.com/_IZpTrEjIab4/SiqQ3pMIZYI/AAAAAAAABIU/NeVEzpOGLtA/seo-you-jin-korea-gravia-02.jpg
http://lh4.ggpht.com/_IZpTrEjIab4/SiqQ4OlxuwI/AAAAAAAABIY/_RBCuevwxlg/seo-you-jin-korea-gravia-03.jpg
http://lh3.ggpht.com/_IZpTrEjIab4/SiD80CeGc2I/AAAAAAAAA7g/zcaB8q2h5sA/1243474597_dscf6562.jpg
http://lh5.ggpht.com/_IZpTrEjIab4/SiD81Pes8tI/AAAAAAAAA7k/8XHUY_Y5kcU/1243474604_dscf6608.jpg
http://lh5.ggpht.com/_IZpTrEjIab4/SiD82QmzxRI/AAAAAAAAA7o/m5LwrEKww8s/1243474522_dscf6623.jpg
http://lh4.ggpht.com/_IZpTrEjIab4/SiD83plV4_I/AAAAAAAAA7s/9iBnQzFXd0w/1243474558_dscf6641.jpg
http://lh3.ggpht.com/_IZpTrEjIab4/SiD85PH2P3I/AAAAAAAAA7w/ISsRpjvDs84/1243474588_dscf6659.jpg
http://lh3.ggpht.com/_IZpTrEjIab4/SiD86qmgXQI/AAAAAAAAA70/0xPk02GjyPE/1243474545_dscf6676.jpg
http://lh3.ggpht.com/_IZpTrEjIab4/SiD88HHmLMI/AAAAAAAAA74/d45QWmBJpkY/han-chae-i-jeep-10.jpg
http://lh3.ggpht.com/_IZpTrEjIab4/SiD9EsIEdbI/AAAAAAAAA8I/SxnVluMyzL8/han-chae-i-tiered-mess-dress-01.jpg
http://lh3.ggpht.com/_IZpTrEjIab4/SiD9FYvpKzI/AAAAAAAAA8M/R8-QYShVVa4/han-chae-i-tiered-mess-dress-02.jpg
http://lh5.ggpht.com/_IZpTrEjIab4/SiD9GNW0omI/AAAAAAAAA8U/bVHRZe3T1-g/han-chae-i-tiered-mess-dress-03.jpg
http://lh5.ggpht.com/_IZpTrEjIab4/SiD9HMq0nYI/AAAAAAAAA8Y/fDc5cc0UVpk/han-chae-i-tiered-mess-dress-04.jpg
http://lh3.ggpht.com/_IZpTrEjIab4/SiD9HjYwRuI/AAAAAAAAA8c/wBbs3zXa3dg/han-chae-i-striped-top-and-jeans-02.jpg
http://lh5.ggpht.com/_IZpTrEjIab4/SiD9IVWjNBI/AAAAAAAAA8g/Xv_G-Wf74fI/han-chae-i-jeep-08.jpg
http://lh5.ggpht.com/_IZpTrEjIab4/SiD8Wu2STRI/AAAAAAAAA6E/K5TbkKfDWx0/choi-ji-hyang-plaid-top-jean-shorts-07.jpg
http://lh6.ggpht.com/_IZpTrEjIab4/SiD8ZvgzqbI/AAAAAAAAA6I/rMRtkjXRXKo/choi-ji-hyang-plaid-top-jean-shorts-05.jpg
http://lh3.ggpht.com/_IZpTrEjIab4/SiD8chdg3ZI/AAAAAAAAA6M/mDtA4Hb0N3I/choi-ji-hyang-plaid-top-jean-shorts-04.jpg
http://lh6.ggpht.com/_IZpTrEjIab4/SiD8dHY5jtI/AAAAAAAAA6Q/N1rYQeFZQOk/choi-ji-hyang-plaid-top-jean-shorts-12.jpg
http://lh6.ggpht.com/_IZpTrEjIab4/SiD8d3AqGqI/AAAAAAAAA6U/WoYaHrJ78bM/choi-ji-hyang-plaid-top-jean-shorts-13.jpg
http://lh4.ggpht.com/_IZpTrEjIab4/SiD8eb9mbtI/AAAAAAAAA6Y/00DvfPmLTSY/choi-ji-hyang-plaid-top-jean-shorts-14.jpg
http://lh3.ggpht.com/_IZpTrEjIab4/SiD8g66vHeI/AAAAAAAAA6c/3ifxi4aJePU/choi-ji-hyang-plaid-top-jean-shorts-06.jpg
http://lh6.ggpht.com/_IZpTrEjIab4/SiD8jrNnVLI/AAAAAAAAA6k/v8rrha7ylOQ/choi-ji-hyang-plaid-top-jean-shorts-08.jpg
http://lh4.ggpht.com/_IZpTrEjIab4/SiD8lxxwmFI/AAAAAAAAA6o/b2f5aT5umQY/choi-ji-hyang-plaid-top-jean-shorts-09.jpg
http://lh5.ggpht.com/_IZpTrEjIab4/SiD8-hEu7SI/AAAAAAAAA78/JtaD08M1RG0/choi-ji-hyang-plaid-top-jean-shorts-01.jpg
http://lh6.ggpht.com/_IZpTrEjIab4/SiD9BNpZXHI/AAAAAAAAA8A/Na3ZizkTsQo/choi-ji-hyang-plaid-top-jean-shorts-02.jpg
http://lh4.ggpht.com/_IZpTrEjIab4/SiD9DnTdJ4I/AAAAAAAAA8E/ormYJKCkMPQ/choi-ji-hyang-plaid-top-jean-shorts-03.jpg
http://lh5.ggpht.com/_IZpTrEjIab4/SiqPmSUBLjI/AAAAAAAABE4/3l89scPKBqU/choi-ji-hyang-plaid-top-jean-shorts-17.jpg
http://lh4.ggpht.com/_IZpTrEjIab4/SiqPoQO09qI/AAAAAAAABE8/X3jqsKf1dDA/choi-ji-hyang-plaid-top-jean-shorts-18.jpg
http://lh6.ggpht.com/_IZpTrEjIab4/SiqPqL8PgaI/AAAAAAAABFA/8gzV8zFIns8/choi-ji-hyang-plaid-top-jean-shorts-19.jpg
http://lh4.ggpht.com/_IZpTrEjIab4/SiqPtMbxgWI/AAAAAAAABFE/RfICjVBcNWI/choi-ji-hyang-plaid-top-jean-shorts-15.jpg
http://lh5.ggpht.com/_IZpTrEjIab4/SiqPvlncIeI/AAAAAAAABFM/wXIeWZI2OOs/choi-ji-hyang-plaid-top-jean-shorts-16.jpg
http://lh6.ggpht.com/_IZpTrEjIab4/SiqPxoEx12I/AAAAAAAABFQ/K2X1ez_O0BI/choi-ji-hyang-plaid-top-jean-shorts-21.jpg
http://lh3.ggpht.com/_IZpTrEjIab4/SiqPz2fFwjI/AAAAAAAABFU/NSXy90CZwM8/choi-ji-hyang-plaid-top-jean-shorts-22.jpg
http://lh3.ggpht.com/_IZpTrEjIab4/SiqP15fVclI/AAAAAAAABFY/4W4jEDsc43Q/choi-ji-hyang-plaid-top-jean-shorts-24.jpg
http://lh4.ggpht.com/_IZpTrEjIab4/SiD7shEB-1I/AAAAAAAAA3I/CsStSkcIFVw/im-ji-hye-03.jpg
http://lh5.ggpht.com/_IZpTrEjIab4/SiD7tMtstFI/AAAAAAAAA3M/NK3bMucJHxM/park-eun-kyung-03.jpg
http://lh6.ggpht.com/_IZpTrEjIab4/SiD7tyX2liI/AAAAAAAAA3Q/7Ng9pgqgk4g/song-jina-02.jpg
http://lh4.ggpht.com/_IZpTrEjIab4/SiD7u8iQaXI/AAAAAAAAA3Y/TIGptm9Ns5Q/park-eun-kyung-01.jpg
http://lh4.ggpht.com/_IZpTrEjIab4/SiD7wF8_deI/AAAAAAAAA3c/-glcYUZeAkQ/park-eun-kyung-02.jpg
http://lh6.ggpht.com/_IZpTrEjIab4/SiD7wvUvjQI/AAAAAAAAA3g/p2fK_B01ctM/park-hyun-sun-01.jpg
http://lh6.ggpht.com/_IZpTrEjIab4/SiD7y6gacaI/AAAAAAAAA3k/2jdm3Whsp28/kim-ha-yul-03.jpg
http://lh5.ggpht.com/_IZpTrEjIab4/SiD72FBwlrI/AAAAAAAAA3s/hUhO23cCyzg/park-soo-kyung-02.jpg
http://lh4.ggpht.com/_IZpTrEjIab4/SiD74Ban5vI/AAAAAAAAA3w/CwncfIG6644/park-soo-kyung-03.jpg
http://lh4.ggpht.com/_IZpTrEjIab4/SiD755h4hlI/AAAAAAAAA30/SKivqPXkjrI/park-hyun-sun-02.jpg
http://lh6.ggpht.com/_IZpTrEjIab4/SiD8FMFhXSI/AAAAAAAAA40/UFIRNBZq89o/choi-yu-jung-03.jpg
http://lh4.ggpht.com/_IZpTrEjIab4/SiD9KUfeelI/AAAAAAAAA8o/1aQk7SLZhzg/hwang-mi-hee-00.jpg
http://lh4.ggpht.com/_IZpTrEjIab4/SiD9MhgVAaI/AAAAAAAAA8w/6ga-o-nkKog/song-jina-03.jpg
http://lh4.ggpht.com/_IZpTrEjIab4/SiD9NrmlKvI/AAAAAAAAA80/HRG_ZkUO4es/park-hyun-sun-03.jpg
http://lh4.ggpht.com/_IZpTrEjIab4/SiD9OG3jf8I/AAAAAAAAA88/VFz1Vg8GvWQ/im-ji-hye-02.jpg
http://lh5.ggpht.com/_IZpTrEjIab4/SiqQyr_sAfI/AAAAAAAABH4/7nc98voNgtw/dsc_3666.jpg
http://lh6.ggpht.com/_IZpTrEjIab4/SkN2lRglxlI/AAAAAAAABjI/I7xOaZ-9_vk/Im%20Ji%20Hye%2034.jpg
http://lh3.ggpht.com/_IZpTrEjIab4/SkN2nJFXErI/AAAAAAAABjM/YOzbTx2l37E/Im%20Ji%20Hye%2035.jpg
http://lh5.ggpht.com/_IZpTrEjIab4/SkN2o2eGURI/AAAAAAAABjQ/u60e2bpT-jo/Im%20Ji%20Hye%2033.jpg
http://lh3.ggpht.com/_IZpTrEjIab4/SkN2p7v4aEI/AAAAAAAABjU/nHi9kbdGJCw/seo-you-jin-minnie-mouse-05.jpg
http://lh6.ggpht.com/_IZpTrEjIab4/SkN29bHlT9I/AAAAAAAABkg/PLjxzTQzmPk/maxim-korea-july-05.jpg
http://lh6.ggpht.com/_IZpTrEjIab4/SkN2-_gXTUI/AAAAAAAABks/NPfZSxGoAa8/maxim-korea-july-04.jpg
http://lh5.ggpht.com/_IZpTrEjIab4/SkN3Zo7TUaI/AAAAAAAABmQ/iwKsrg0gzYY/mshimg_3308.jpg
http://lh4.ggpht.com/_IZpTrEjIab4/SkN3aZbLcsI/AAAAAAAABmU/M6e-jEKU96w/mshimg_3312.jpg
http://lh5.ggpht.com/_IZpTrEjIab4/SkN3ayHOrOI/AAAAAAAABmY/j-bBTQzyvFA/mshimg_3315.jpg
http://lh4.ggpht.com/_IZpTrEjIab4/SkN3bcz7lfI/AAAAAAAABmc/TFfA-JUwXFM/mshimg_3318.jpg
http://lh4.ggpht.com/_IZpTrEjIab4/SkN3b0HVSiI/AAAAAAAABmg/hhg_HRzIOAQ/mshimg_3323.jpg
http://lh6.ggpht.com/_IZpTrEjIab4/SkN3coT4n5I/AAAAAAAABmk/27IUYRi7o5I/mshimg_3325.jpg
http://lh6.ggpht.com/_IZpTrEjIab4/SkN3dGw-GNI/AAAAAAAABmo/_jxTqEoy7NM/mshimg_3326.jpg
http://lh4.ggpht.com/_IZpTrEjIab4/SkN3drcG5CI/AAAAAAAABms/tIw66Da0X_o/mshimg_3332.jpg
http://lh3.ggpht.com/_IZpTrEjIab4/SkN3gpHhR-I/AAAAAAAABnA/31keBmibv-0/sera-black-rock-shooter-00.jpg
http://lh5.ggpht.com/_IZpTrEjIab4/ShyZODlA-1I/AAAAAAAAAvc/EOu7gbjWajc/lee-kyeong-min-pajamas-03.jpg
http://lh6.ggpht.com/_IZpTrEjIab4/ShyZPIsdOAI/AAAAAAAAAvg/3CU6p2kJIfE/lee-kyeong-min-pajamas-05.jpg
http://lh6.ggpht.com/_IZpTrEjIab4/ShyZPwKucHI/AAAAAAAAAvk/vAV8UHnpHFQ/lee-kyeong-min-pajamas-06.jpg
http://lh3.ggpht.com/_IZpTrEjIab4/ShyZQshQ_7I/AAAAAAAAAvo/eLOvSNmg-2w/lee-kyeong-min-pajamas-08.jpg
http://lh3.ggpht.com/_IZpTrEjIab4/ShyZRnoYjaI/AAAAAAAAAvw/UZGcVJPWwBU/lee-kyeong-min-pajamas-02.jpg
http://lh4.ggpht.com/_IZpTrEjIab4/ShyZSrK5h7I/AAAAAAAAAv0/1c4GrU4DehY/lee-kyeong-min-pajamas-07.jpg
http://lh6.ggpht.com/_IZpTrEjIab4/ShyZTQgIPNI/AAAAAAAAAv4/9QDEhWhih18/lee-kyeong-min-pajamas-01.jpg
http://lh4.ggpht.com/_IZpTrEjIab4/ShyZUa4Sh6I/AAAAAAAAAv8/ajVvhJrvEv8/lee-kyeong-min-black-hat-12.jpg
http://lh4.ggpht.com/_IZpTrEjIab4/ShyZVPXjn-I/AAAAAAAAAwA/AEvaiwES6SQ/lee-kyeong-min-black-hat-01.jpg
http://lh6.ggpht.com/_IZpTrEjIab4/ShyZV9zSTDI/AAAAAAAAAwE/uFEkKWXqE0w/lee-kyeong-min-black-hat-15.jpg
http://lh6.ggpht.com/_IZpTrEjIab4/ShyZWhnb3qI/AAAAAAAAAwI/UgrMCrlPSlc/lee-kyeong-min-black-hat-11.jpg
http://lh3.ggpht.com/_IZpTrEjIab4/ShyZXv0AACI/AAAAAAAAAwM/AiZHKHR0jLA/lee-kyeong-min-black-hat-10.jpg
http://lh4.ggpht.com/_IZpTrEjIab4/ShyZYAdP64I/AAAAAAAAAwQ/hNIsaMo-8Hg/lee-kyeong-min-black-hat-06.jpg
http://lh6.ggpht.com/_IZpTrEjIab4/ShyZYx1GBuI/AAAAAAAAAwU/Pw3kJyYJmFg/lee-kyeong-min-black-hat-05.jpg
http://lh6.ggpht.com/_IZpTrEjIab4/ShyZZlczFPI/AAAAAAAAAwY/ItrMdGyPkf0/lee-kyeong-min-black-skirt-01.jpg
http://lh5.ggpht.com/_IZpTrEjIab4/ShyZaSFnv0I/AAAAAAAAAwc/EeHNx6yOwsc/lee-kyeong-min-black-skirt-04.jpg
http://lh6.ggpht.com/_IZpTrEjIab4/ShyZbtjveYI/AAAAAAAAAwg/kEUIDAtPJiw/lee-kyeong-min-black-skirt-05.jpg
http://lh6.ggpht.com/_IZpTrEjIab4/ShyZci2HT_I/AAAAAAAAAwk/_lC2omlQvNo/lee-kyeong-min-black-skirt-02.jpg
http://lh3.ggpht.com/_IZpTrEjIab4/SiD71QoptXI/AAAAAAAAA3o/7lppRS-K_hE/lee-kyeong-min-02.jpg
http://lh4.ggpht.com/_IZpTrEjIab4/Siur2M8Q-mI/AAAAAAAABNY/YQQLTnYv0yk/lee-kyeong-min-green-03.jpg
http://lh5.ggpht.com/_IZpTrEjIab4/Siur35UGyXI/AAAAAAAABNg/STNnXP8A42M/lee-kyeong-min-green-02.jpg
http://lh4.ggpht.com/_IZpTrEjIab4/Siur5McQejI/AAAAAAAABNk/FqexOpyrn_o/lee-kyeong-min-green-01.jpg
http://lh6.ggpht.com/_IZpTrEjIab4/Siur6kJoJ3I/AAAAAAAABNo/fkUDTBF_DSQ/lee-kyeong-min-green-04.jpg
http://lh4.ggpht.com/_IZpTrEjIab4/Siur8eoPB_I/AAAAAAAABNs/YQM12J17k-4/lee-kyeong-min-green-05.jpg
http://lh6.ggpht.com/_IZpTrEjIab4/Siur_V25J_I/AAAAAAAABNw/1cAC12hZTYU/lee_gyeong_min03.jpg
http://lh3.ggpht.com/_IZpTrEjIab4/SiusBo01ibI/AAAAAAAABN0/DiBzhZzYYyo/lee_gyeong_min04.jpg
http://lh4.ggpht.com/_IZpTrEjIab4/SiusDulSu7I/AAAAAAAABN4/9krUrdLollM/lee_gyeong_min06.jpg
http://lh3.ggpht.com/_IZpTrEjIab4/SiusEX9eBDI/AAAAAAAABN8/wnMDrKLloko/lee_gyeong_min07.jpg
http://lh4.ggpht.com/_IZpTrEjIab4/SiusE_bxa8I/AAAAAAAABOA/2xyvb3P16ug/lee_gyeong_min08.jpg
http://lh4.ggpht.com/_IZpTrEjIab4/SiusF2JFjUI/AAAAAAAABOE/C0tg9ZHP5vU/lee_gyeong_min09.jpg
http://lh6.ggpht.com/_IZpTrEjIab4/SiusGm4oXnI/AAAAAAAABOI/cw7liOIwTBs/lee_gyeong_min11.jpg
http://lh6.ggpht.com/_IZpTrEjIab4/SiusHs38pXI/AAAAAAAABOM/77EuWVUZzss/lee_gyeong_min13.jpg
http://lh4.ggpht.com/_IZpTrEjIab4/SiusJldWtCI/AAAAAAAABOQ/o6OdSdcnrAk/lee_gyeong_min02.jpg
http://lh6.ggpht.com/_IZpTrEjIab4/SiusMbWxlrI/AAAAAAAABOY/wjouBv95m0I/lee_gyeong_min01.jpg
http://lh4.ggpht.com/_IZpTrEjIab4/SiusNCQEXdI/AAAAAAAABOc/aCHXO66Jkiw/lee_gyeong_min15.jpg
http://lh5.ggpht.com/_IZpTrEjIab4/SiusOiHrBZI/AAAAAAAABOg/tBrHuY03f3c/lee-kyeong-min-style-07.jpg
http://lh3.ggpht.com/_IZpTrEjIab4/Shybr3jvtTI/AAAAAAAAA0U/cOn6vICu0g4/seo-you-jin-rotax-millenium-motor-show-36.jpg
http://lh6.ggpht.com/_IZpTrEjIab4/Shybs2BaccI/AAAAAAAAA0Y/tHyTdj4rCL4/seo-you-jin-rotax-millenium-motor-show-38.jpg
http://lh4.ggpht.com/_IZpTrEjIab4/ShybuHF7yyI/AAAAAAAAA0c/SCuA1oHjQSQ/seo-you-jin-rotax-millenium-motor-show-39.jpg
http://lh3.ggpht.com/_IZpTrEjIab4/ShybvjfUlGI/AAAAAAAAA0g/-El0Pg8urpw/seo-you-jin-rotax-millenium-motor-show-40.jpg
http://lh6.ggpht.com/_IZpTrEjIab4/ShybwIc9qkI/AAAAAAAAA0k/iASOKl65i1A/seo-you-jin-rotax-millenium-motor-show-42.jpg
http://lh5.ggpht.com/_IZpTrEjIab4/ShybxQAzwNI/AAAAAAAAA0o/7L6w5vzZghI/seo-you-jin-rotax-millenium-motor-show-46.jpg
http://lh4.ggpht.com/_IZpTrEjIab4/Shybxx0E9BI/AAAAAAAAA0s/f7ntlX9yJIY/seo-you-jin-rotax-millenium-motor-show-48.jpg
http://lh5.ggpht.com/_IZpTrEjIab4/Shyby0XZBgI/AAAAAAAAA0w/io6o8aU1BFI/seo-you-jin-rotax-millenium-motor-show-10.jpg
http://lh6.ggpht.com/_IZpTrEjIab4/Shybz9LCDII/AAAAAAAAA00/eZed0hYb6OQ/seo-you-jin-rotax-millenium-motor-show-11.jpg
http://lh5.ggpht.com/_IZpTrEjIab4/Shyb1IpYA9I/AAAAAAAAA04/pfWSmbpyV6c/seo-you-jin-rotax-millenium-motor-show-21.jpg
http://lh6.ggpht.com/_IZpTrEjIab4/Shyb2O2dKzI/AAAAAAAAA08/pdnpCLAZ8RQ/seo-you-jin-rotax-millenium-motor-show-24.jpg
http://lh3.ggpht.com/_IZpTrEjIab4/Shyb6Hf-KlI/AAAAAAAAA1A/aFR0H6Kf5oc/seo-you-jin-rotax-millenium-motor-show-05.jpg
http://lh4.ggpht.com/_IZpTrEjIab4/Shyb8hQpLdI/AAAAAAAAA1E/StBtzL54UHA/seo-you-jin-rotax-millenium-motor-show-06.jpg
http://lh3.ggpht.com/_IZpTrEjIab4/ShycAyx350I/AAAAAAAAA1I/4qkbY-bOUAs/seo-you-jin-rotax-millenium-motor-show-07.jpg
http://lh6.ggpht.com/_IZpTrEjIab4/ShycC4SOU3I/AAAAAAAAA1M/c2pg_eYpvO4/seo-you-jin-rotax-millenium-motor-show-34.jpg
http://lh6.ggpht.com/_IZpTrEjIab4/ShycHrLnhKI/AAAAAAAAA1Q/gPLrSr3qRNs/seo-you-jin-rotax-millenium-motor-show-08.jpg
http://lh4.ggpht.com/_IZpTrEjIab4/ShycKZzqtoI/AAAAAAAAA1Y/-pXZYyKPnRo/seo-you-jin-rotax-millenium-motor-show-09.jpg
http://lh6.ggpht.com/_IZpTrEjIab4/ShyZ9BypC4I/AAAAAAAAAxI/KgFg7-6zgjI/ica_6268.jpg
http://lh6.ggpht.com/_IZpTrEjIab4/ShyZ9pY3eQI/AAAAAAAAAxM/BW0ibfC5Q3Q/ica_6276.jpg
http://lh6.ggpht.com/_IZpTrEjIab4/ShyZ-JXhsnI/AAAAAAAAAxQ/9MMA9P8tfCs/ica_6279.jpg
http://lh3.ggpht.com/_IZpTrEjIab4/ShyZ-77ziuI/AAAAAAAAAxU/5cS7_h6ji9w/ica_6290.jpg
http://lh5.ggpht.com/_IZpTrEjIab4/ShyZ_l9GzWI/AAAAAAAAAxY/ZQF6JZNk3Gg/ica_6313.jpg
http://lh6.ggpht.com/_IZpTrEjIab4/ShyazSKMX4I/AAAAAAAAAys/udWJOqN_nmw/vu5p6811.jpg
http://lh4.ggpht.com/_IZpTrEjIab4/Shya0YfS2YI/AAAAAAAAAyw/YLIF9-r3bGQ/vu5p6814.jpg
http://lh3.ggpht.com/_IZpTrEjIab4/Shya1ZCdmAI/AAAAAAAAAy0/QQgNlUIPkJ0/vu5p6818.jpg
http://lh4.ggpht.com/_IZpTrEjIab4/Shya2WcmORI/AAAAAAAAAy8/YRU6xCViCvA/vu5p6833.jpg
http://lh3.ggpht.com/_IZpTrEjIab4/SiD7-J9Ou1I/AAAAAAAAA4Q/GsqHXXovXdA/seo-you-jin-yellow-skirt-02.jpg
http://lh6.ggpht.com/_IZpTrEjIab4/SiD7-0QKEpI/AAAAAAAAA4U/Nxz8dX6HhK8/seo-you-jin-yellow-skirt-01.jpg
http://lh4.ggpht.com/_IZpTrEjIab4/SiD7_ZuG9NI/AAAAAAAAA4Y/m30TEMEoH8E/seo-you-jin-yellow-skirt-03.jpg
http://lh3.ggpht.com/_IZpTrEjIab4/SiD7_5cvJnI/AAAAAAAAA4c/t4btxnxvsX4/seo-you-jin-yellow-skirt-08.jpg
http://lh6.ggpht.com/_IZpTrEjIab4/SiD8AqjHg9I/AAAAAAAAA4g/8zMy-Bq3MAw/seo-you-jin-yellow-skirt-07.jpg
http://lh3.ggpht.com/_IZpTrEjIab4/SiD8BEPOeQI/AAAAAAAAA4k/MFR15E0bEPg/seo-you-jin-yellow-skirt-06.jpg
http://lh5.ggpht.com/_IZpTrEjIab4/SiD8BssWYJI/AAAAAAAAA4o/_F1dkX0hV0g/seo-you-jin-yellow-skirt-09.jpg
http://lh3.ggpht.com/_IZpTrEjIab4/SiD8CYt1KUI/AAAAAAAAA4s/Q1jGARvQwrU/seo-you-jin-yellow-skirt-05.jpg
http://lh4.ggpht.com/_IZpTrEjIab4/SiD8CzzoQ8I/AAAAAAAAA4w/47iqlz_ot-o/seo-you-jin-yellow-skirt-04.jpg
http://lh6.ggpht.com/_IZpTrEjIab4/SiD8vzDy6_I/AAAAAAAAA7M/YD3FtSd3B9o/seo-you-jin-skirt-and-stockings-09.jpg
http://lh6.ggpht.com/_IZpTrEjIab4/SiD8w9JeQrI/AAAAAAAAA7Q/ph643ldnWns/seo-you-jin-skirt-and-stockings-10.jpg
http://lh5.ggpht.com/_IZpTrEjIab4/SiD8yK9EDiI/AAAAAAAAA7U/Sgy9GOTWdtc/seo-you-jin-skirt-and-stockings-05.jpg
http://lh3.ggpht.com/_IZpTrEjIab4/SiD8zHAKL2I/AAAAAAAAA7Y/bRnpFnoxDqQ/seo-you-jin-skirt-and-stockings-06.jpg
http://lh5.ggpht.com/_IZpTrEjIab4/ShyaZDrwwnI/AAAAAAAAAx4/y_xwTcMi1QU/wang-si-ping-wallpapers-03.jpg
http://lh5.ggpht.com/_IZpTrEjIab4/ShyaZgBKsrI/AAAAAAAAAx8/vi7-dnSkukM/wang-si-ping-wallpapers-04.jpg
http://lh3.ggpht.com/_IZpTrEjIab4/ShyaaD4CgKI/AAAAAAAAAyA/wIHXR2cX5_U/wang-si-ping-wallpapers-01.jpg
http://lh5.ggpht.com/_IZpTrEjIab4/ShyaagoaHXI/AAAAAAAAAyE/b-QKHP8Lc0E/wang-si-ping-wallpapers-02.jpg
http://lh6.ggpht.com/_IZpTrEjIab4/ShyabPWtDwI/AAAAAAAAAyI/n5TT34dQ2j4/wang-si-ping-wallpapers-06.jpg
http://lh3.ggpht.com/_IZpTrEjIab4/Shyab5VfwkI/AAAAAAAAAyM/c9qll8gnK6U/wang-si-ping-wallpapers-05.jpg
http://lh4.ggpht.com/_IZpTrEjIab4/ShybTLijdoI/AAAAAAAAAzc/JUsYHszzZsc/mind-blowing-chinese-girl-05.jpg
http://lh5.ggpht.com/_IZpTrEjIab4/ShybUC1YOII/AAAAAAAAAzg/OEQ9Vct79iY/mind-blowing-chinese-girl-06.jpg
http://lh3.ggpht.com/_IZpTrEjIab4/ShybVCYav4I/AAAAAAAAAzk/wPtWwGAdt6o/mind-blowing-chinese-girl-07.jpg
http://lh4.ggpht.com/_IZpTrEjIab4/ShybV4Qw2-I/AAAAAAAAAzo/Nmrk-aHkBOA/mind-blowing-chinese-girl-02.jpg
http://lh5.ggpht.com/_IZpTrEjIab4/ShybWpzikLI/AAAAAAAAAzs/PL5G7w4O_5g/mind-blowing-chinese-girl-01.jpg
http://lh6.ggpht.com/_IZpTrEjIab4/ShybXcV4a0I/AAAAAAAAAzw/vFf-LZq3sWg/mind-blowing-chinese-girl-03.jpg
http://lh6.ggpht.com/_IZpTrEjIab4/ShyXgP3JPKI/AAAAAAAAAsM/a5eL9xCtFTM/hyori-lee-in-style-03.jpg
http://lh4.ggpht.com/_IZpTrEjIab4/ShyXhWWWL2I/AAAAAAAAAsQ/JbEUIZ-k9XQ/hyori-lee-in-style-05.jpg
http://lh3.ggpht.com/_IZpTrEjIab4/ShyXiSeBACI/AAAAAAAAAsU/_-sYvAXQ0XI/hyori-lee-in-style-06.jpg
http://lh5.ggpht.com/_IZpTrEjIab4/ShyXjfM3okI/AAAAAAAAAsY/QQ9YJx5YDig/hyori-lee-in-style-10.jpg
http://lh5.ggpht.com/_IZpTrEjIab4/ShyXku2uSyI/AAAAAAAAAsc/S-k_-OTBoe4/hyori-lee-in-style-09.jpg
http://lh3.ggpht.com/_IZpTrEjIab4/ShyXlo2AtGI/AAAAAAAAAsg/vg40v_j5PPw/hyori-lee-in-style-02.jpg
http://lh3.ggpht.com/_IZpTrEjIab4/ShyXnJE6PjI/AAAAAAAAAsk/_hWRK-Z-1h8/hyori-lee-in-style-07.jpg
http://lh5.ggpht.com/_IZpTrEjIab4/ShyXoOfMZZI/AAAAAAAAAso/frDpr1T4OJ4/hyori-lee-in-style-08.jpg
http://lh5.ggpht.com/_IZpTrEjIab4/ShyXpIEwxeI/AAAAAAAAAss/C1cv1j9o08k/hyori-lee-in-style-01.jpg
http://lh4.ggpht.com/_IZpTrEjIab4/ShyXqQAmlbI/AAAAAAAAAsw/zgm1J_IsviI/hyori-lee-in-style-04.jpg
http://lh4.ggpht.com/_IZpTrEjIab4/ShyXrf9GygI/AAAAAAAAAs0/DfBi-OhEjHg/hyori-lee-in-style-11.jpg
http://lh4.ggpht.com/_IZpTrEjIab4/ShyX90xYU7I/AAAAAAAAAtY/ALhj_3cOzO8/hyori-u-go-girl09.jpg
http://lh4.ggpht.com/_IZpTrEjIab4/ShyX_bSaWrI/AAAAAAAAAtc/VETDp8Ny-aY/hyori-u-go-girl03.jpg
http://lh5.ggpht.com/_IZpTrEjIab4/ShyYBBBcKHI/AAAAAAAAAtg/FPC9PzzMAaQ/hyori-u-go-girl02.jpg
http://lh3.ggpht.com/_IZpTrEjIab4/ShyYDrDk_yI/AAAAAAAAAtk/r90EqBQA4DE/hyori-u-go-girl01.jpg
http://lh3.ggpht.com/_IZpTrEjIab4/ShyYFYRRvTI/AAAAAAAAAto/CvuI0marr0U/hyori-u-go-girl06.jpg
http://lh5.ggpht.com/_IZpTrEjIab4/ShyYIPLM2YI/AAAAAAAAAts/EfY2wcM7RZw/hyori-lee-hyorish02.jpg
http://lh4.ggpht.com/_IZpTrEjIab4/ShyYKcleWOI/AAAAAAAAAt0/KaAJY7mvGaU/hyori-lee-hyorish03.jpg
http://lh6.ggpht.com/_IZpTrEjIab4/ShyYMhiLUNI/AAAAAAAAAt4/TU5O2L1nejA/hyori-lee-hyorish04.jpg
http://lh6.ggpht.com/_IZpTrEjIab4/ShyYO2l2EOI/AAAAAAAAAt8/cikBeCoTfe4/hyori-lee-hyorish05.jpg
http://lh5.ggpht.com/_IZpTrEjIab4/ShyYRU831VI/AAAAAAAAAuA/kKSYZMedSX0/hyori-lee-hyorish06.jpg
http://lh5.ggpht.com/_IZpTrEjIab4/ShyYTP0A5MI/AAAAAAAAAuE/g1pi9Gj00Pw/hyori-beer02.jpg
http://lh6.ggpht.com/_IZpTrEjIab4/ShyYUbDEv0I/AAAAAAAAAuI/vgCMH7RlVSs/hyori-beer01.jpg
http://lh5.ggpht.com/_IZpTrEjIab4/ShyYWLpk3cI/AAAAAAAAAuM/5yr8H0feGhk/hyori-beer05.jpg
http://lh6.ggpht.com/_IZpTrEjIab4/ShyYYOLNZTI/AAAAAAAAAuQ/We6xACcPLj8/hyori-beer06.jpg
http://lh4.ggpht.com/_IZpTrEjIab4/ShyYZ5ostSI/AAAAAAAAAuU/2sEnOsow2Sw/hyori-beer09.jpg
http://lh6.ggpht.com/_IZpTrEjIab4/ShyYb-bis6I/AAAAAAAAAuc/toD8P9HHq-I/hyori-beer08.jpg
http://lh4.ggpht.com/_IZpTrEjIab4/ShyYe7SM1VI/AAAAAAAAAug/_POXjiOfaaQ/hyori-black-bean-fm01.jpg
http://lh5.ggpht.com/_IZpTrEjIab4/ShyYf71VHTI/AAAAAAAAAuk/j0HQOOl3m_E/hyori-lee-isa-knox01.jpg
http://lh5.ggpht.com/_IZpTrEjIab4/ShyYgm_KFLI/AAAAAAAAAuo/bMS9BLfmpcM/hyori-lee-isa-knox04.jpg
http://lh4.ggpht.com/_IZpTrEjIab4/ShyYjTOKkrI/AAAAAAAAAus/6AwkkCCUvZY/hyori-black-bean-fm03.jpg
http://lh6.ggpht.com/_IZpTrEjIab4/ShyYmFM94KI/AAAAAAAAAuw/w5mfqijL9Ow/hyori-black-bean-fm02.jpg
http://lh6.ggpht.com/_IZpTrEjIab4/ShyYmzMuNdI/AAAAAAAAAu0/mX2HcZqixV0/hyori-lee-isa-knox02.jpg
http://lh3.ggpht.com/_IZpTrEjIab4/ShyYoSCdkdI/AAAAAAAAAu4/qdJDgpIqRp0/hyori-beer04.jpg
http://lh5.ggpht.com/_IZpTrEjIab4/ShQLJ8qx-eI/AAAAAAAAAqI/WQ75Bf_rR50/song%20jina13.jpg
http://lh5.ggpht.com/_IZpTrEjIab4/ShQLMxxdN0I/AAAAAAAAAqM/QioZTDxgB04/song%20jina14.jpg
http://lh3.ggpht.com/_IZpTrEjIab4/ShQLPPBeg9I/AAAAAAAAAqU/0ObWEybbXC0/song%20jina15.jpg
http://lh5.ggpht.com/_IZpTrEjIab4/ShQLSeV7dAI/AAAAAAAAAqY/YiPjIhyj4Wk/song%20jina16.jpg
http://lh4.ggpht.com/_IZpTrEjIab4/ShQLUx1goLI/AAAAAAAAAqc/rWMtMdOLJrw/img_6995.jpg
http://lh3.ggpht.com/_IZpTrEjIab4/ShQLW63Xp3I/AAAAAAAAAqg/lTF-NmOwCcg/song%20jina1.jpg
http://lh5.ggpht.com/_IZpTrEjIab4/ShQLYWDDPFI/AAAAAAAAAqk/cifTFNbbeh0/song%20jina12.jpg
http://lh5.ggpht.com/_IZpTrEjIab4/SiqQAvYg6gI/AAAAAAAABGA/nIgCw9MWZio/song-jina-blue-dress-08.jpg
http://lh6.ggpht.com/_IZpTrEjIab4/SiqQBQmCfiI/AAAAAAAABGE/aIpggihX_g4/song-jina-blue-dress-06.jpg
http://lh3.ggpht.com/_IZpTrEjIab4/SiqQCnjWoLI/AAAAAAAABGI/vr4DZwXWOqU/song-jina-blue-dress-01.jpg
http://lh3.ggpht.com/_IZpTrEjIab4/SiqQDi1GhKI/AAAAAAAABGM/u7b-Nf5s_hA/song-jina-blue-dress-07.jpg
http://lh6.ggpht.com/_IZpTrEjIab4/SiqQnq5xmYI/AAAAAAAABHc/dGANoKjZSyA/song-jina-gms-01.jpg
http://lh4.ggpht.com/_IZpTrEjIab4/SiqQpdrI5VI/AAAAAAAABHk/jcRcCNYNfsw/song-jina-gms-02.jpg
http://lh6.ggpht.com/_IZpTrEjIab4/SiqQsLivzBI/AAAAAAAABHo/eMMLDT6w5iw/song-jina-gms-03.jpg
http://lh6.ggpht.com/_IZpTrEjIab4/SiqQt36gLfI/AAAAAAAABHs/dpXP40IOAmA/song-jina-gms-05.jpg
http://lh4.ggpht.com/_IZpTrEjIab4/SiqQv9JC4SI/AAAAAAAABHw/OXdgEb_kkX0/song-jina-gms-06.jpg
http://lh3.ggpht.com/_IZpTrEjIab4/SiqQx1VRLtI/AAAAAAAABH0/cU2Lp-l4pNg/song-jina-gms-07.jpg
http://lh3.ggpht.com/_IZpTrEjIab4/SkN1-ek-QlI/AAAAAAAABhM/VqQPKDyZwQI/song-jina-gms-29.jpg
http://lh3.ggpht.com/_IZpTrEjIab4/SkN1_VDuMVI/AAAAAAAABhQ/kuxumBDnHxs/song-jina-gms-31.jpg
http://lh4.ggpht.com/_IZpTrEjIab4/SkN2AJMkwgI/AAAAAAAABhU/TvP8CsmoQ0w/song-jina-gms-38.jpg
http://lh6.ggpht.com/_IZpTrEjIab4/SkN2A727rHI/AAAAAAAABhY/jx0XnWPEtf0/song-jina-gms-39.jpg
http://lh4.ggpht.com/_IZpTrEjIab4/SkN2B-HZ51I/AAAAAAAABhc/jZbMQjIE0MI/song-jina-gms-41.jpg
http://lh6.ggpht.com/_IZpTrEjIab4/SkN2T3YzU4I/AAAAAAAABiA/Gq3j20Up980/song-jina-gms-16.jpg
http://lh6.ggpht.com/_IZpTrEjIab4/SkN2VhsIGtI/AAAAAAAABiE/fYPQhBUTcjE/song-jina-gms-19.jpg
http://lh3.ggpht.com/_IZpTrEjIab4/SkN2XNAbd_I/AAAAAAAABiI/UKNsMVi-0Iw/song-jina-gms-26.jpg
http://lh5.ggpht.com/_IZpTrEjIab4/SkN2Y-XeQuI/AAAAAAAABiM/wNwRae0hrUg/song-jina-gms-28.jpg
http://lh4.ggpht.com/_IZpTrEjIab4/SkN2aD4kczI/AAAAAAAABiQ/uo7KZfRH6Vc/song-jina-gms-15.jpg
http://lh6.ggpht.com/_IZpTrEjIab4/SkN2bVjZQXI/AAAAAAAABiY/uHy9t45zYzc/song-jina-gms-14.jpg
http://lh6.ggpht.com/_IZpTrEjIab4/SkN2chXcaCI/AAAAAAAABic/MhgKrMypTZw/song-jina-gms-13.jpg
http://lh3.ggpht.com/_IZpTrEjIab4/SkN3W4hgrSI/AAAAAAAABmA/2Kjuq9n72o4/song-jina-world-it-show-06.jpg
http://lh4.ggpht.com/_IZpTrEjIab4/SkN3Xny-ayI/AAAAAAAABmE/6hhf2F35Vu0/song-jina-world-it-show-07.jpg
http://lh5.ggpht.com/_IZpTrEjIab4/SkN3YDKxJ0I/AAAAAAAABmI/UCw3_zmuRAc/song-jina-world-it-show-10.jpg
http://lh4.ggpht.com/_IZpTrEjIab4/SkN3ZdT3e_I/AAAAAAAABmM/Y3czbn9w9EM/song-jina-world-it-show-02.jpg
http://lh4.ggpht.com/_IZpTrEjIab4/SkN3hdpPmyI/AAAAAAAABnE/yVyCjv7GsfE/song-jina-world-it-show-01.jpg
http://lh5.ggpht.com/_IZpTrEjIab4/ShDxYi02uEI/AAAAAAAAAZM/PiiSGqAUQHk/Locutis-Lee%20Ji%20Woo1225722832_ljw004.jpg
http://lh5.ggpht.com/_IZpTrEjIab4/ShDxUfVvJlI/AAAAAAAAAZE/rYXewXdH_y4/Cutkillavince-Song%20Joo-Kyung2.jpg
http://lh6.ggpht.com/_IZpTrEjIab4/ShDxWEApvoI/AAAAAAAAAZI/-Hz-3faUSn8/Cutkillavince-Song%20Joo-Kyung3.jpg
http://lh3.ggpht.com/_IZpTrEjIab4/ShDxLvvg5TI/AAAAAAAAAY8/RVIT4Xj5Q1k/Locutis-Lee%20Ji%20WooDSCF5053.jpg
http://lh3.ggpht.com/_IZpTrEjIab4/ShDxQKi-XkI/AAAAAAAAAZA/Os77YpkFk8s/Locutis-Lee%20Ji%20WooDSCF5074.jpg
http://lh5.ggpht.com/_IZpTrEjIab4/ShDw44nBdnI/AAAAAAAAAYo/fX4cofL5fTU/steve-Hwang%20Mi%20Hee%20School%20Girl%20Style%20Seven%2005.jpg
http://lh6.ggpht.com/_IZpTrEjIab4/ShDxKIexJmI/AAAAAAAAAY4/qsS4R7dypQs/Locutis-So%20You%20Jin%20white%20jacket%20black%20skirt%2013.jpg
http://lh4.ggpht.com/_IZpTrEjIab4/ShDx4k-ZK1I/AAAAAAAAAZs/1aXWfBpB9J4/steve-Hwang%20Mi%20Hee%20School%20Girl%20Style%20Four-9.jpg
http://lh3.ggpht.com/_IZpTrEjIab4/ShDw-FEabyI/AAAAAAAAAYs/3Io85Fracu0/ponstar-choi%20yu%20jung5.jpg
http://lh4.ggpht.com/_IZpTrEjIab4/ShDxGhdRpDI/AAAAAAAAAYw/yPGf0TMGM0Y/ponstar-choi%20yu%20jung2.jpg
http://lh5.ggpht.com/_IZpTrEjIab4/ShDxfSu3L4I/AAAAAAAAAZQ/Dev2O9HFri0/ponstar-choi%20yu%20jung3.jpg
http://lh5.ggpht.com/_IZpTrEjIab4/ShDxlLuAD0I/AAAAAAAAAZU/iLDlbhGhWDI/ponstar-choi%20yu%20jung4.jpg
http://lh6.ggpht.com/_IZpTrEjIab4/ShDxnslTXVI/AAAAAAAAAZY/U4DGfiEmST4/Solar-Crimson-Reimi%20Tachibana45.jpg
http://lh4.ggpht.com/_IZpTrEjIab4/ShDxqDo3oVI/AAAAAAAAAZc/K6VWqqnDE8I/Solar-Crimson-Reimi%20Tachibana44.jpg
http://lh4.ggpht.com/_IZpTrEjIab4/ShDxs-40W5I/AAAAAAAAAZg/J8W-aEmX5U8/Solar-Crimson-Reimi%20Tachibana48.jpg
http://lh3.ggpht.com/_IZpTrEjIab4/ShDxvVCBGDI/AAAAAAAAAZk/irN3MCB0DpY/Solar-Crimson-Reimi%20Tachibana50.jpg
http://lh6.ggpht.com/_IZpTrEjIab4/ShDxyDpBsaI/AAAAAAAAAZo/4IQxp_tYKAU/Solar-Crimson-Reimi%20Tachibana54.jpg
http://lh4.ggpht.com/_IZpTrEjIab4/ShQK_gyZXaI/AAAAAAAAAp8/xeiSUE7RJ8g/song%20jina14.jpg
http://lh4.ggpht.com/_IZpTrEjIab4/ShD3PnqNsDI/AAAAAAAAAac/HlCfoTTUyOE/choi-yu-jung-red-dress-01.jpg
http://lh6.ggpht.com/_IZpTrEjIab4/ShD3TkSfBMI/AAAAAAAAAak/BteWkr4O7_Y/choi-yu-jung-red-dress-02.jpg
http://lh4.ggpht.com/_IZpTrEjIab4/ShD3aDZ3apI/AAAAAAAAAao/4Vy53rWRAjY/choi-yu-jung-red-dress-04.jpg
http://lh5.ggpht.com/_IZpTrEjIab4/ShD3f2I5AbI/AAAAAAAAAas/1jDZYqJBX_M/choi-yu-jung-red-dress-05.jpg
http://lh4.ggpht.com/_IZpTrEjIab4/ShD3kVLmQII/AAAAAAAAAaw/k_FfqcNlmyc/choi-yu-jung-red-dress-06.jpg
http://lh3.ggpht.com/_IZpTrEjIab4/ShD3ovnoRPI/AAAAAAAAAa0/ojCxwA1Rjo8/choi-yu-jung-red-dress-07.jpg
http://lh6.ggpht.com/_IZpTrEjIab4/ShD3wpTj9uI/AAAAAAAAAa4/eL98hljCLuo/choi-yu-jung-red-dress-09.jpg
http://lh4.ggpht.com/_IZpTrEjIab4/ShD3yb9qUyI/AAAAAAAAAa8/dVkEsQ4puj0/choi-yu-jung-06.jpg
http://lh3.ggpht.com/_IZpTrEjIab4/ShD30X0V9SI/AAAAAAAAAbA/se0ri9lAgo8/choi-yu-jung-07.jpg
http://lh3.ggpht.com/_IZpTrEjIab4/ShD33jNwEwI/AAAAAAAAAbE/oTsjsCOTi0k/choi-yu-jung-08.jpg
http://lh6.ggpht.com/_IZpTrEjIab4/ShD36M6FjAI/AAAAAAAAAbM/Wi8TF0YepwI/choi-yu-jung-09.jpg
http://lh5.ggpht.com/_IZpTrEjIab4/ShD38tYC0XI/AAAAAAAAAbQ/3WYm9mhutOg/choi-yu-jung-10.jpg
http://lh4.ggpht.com/_IZpTrEjIab4/ShD4A5dMUtI/AAAAAAAAAbU/62h9VsTQjAQ/choi-yu-jung-11.jpg
http://lh3.ggpht.com/_IZpTrEjIab4/ShD4CBBm5iI/AAAAAAAAAbY/AFkWCYFag98/choi-yu-jung-01.jpg
http://lh4.ggpht.com/_IZpTrEjIab4/ShD4DVgCdJI/AAAAAAAAAbc/oMnNSyw_OEw/choi-yu-jung-02.jpg
http://lh6.ggpht.com/_IZpTrEjIab4/ShD4E7eCYhI/AAAAAAAAAbg/2LrCfguqr7Y/choi-yu-jung-04.jpg
http://lh3.ggpht.com/_IZpTrEjIab4/ShD4GuIoOMI/AAAAAAAAAbk/FlxifYdn0Kk/choi-yu-jung-03.jpg
http://lh6.ggpht.com/_IZpTrEjIab4/ShD4H4YyRbI/AAAAAAAAAbo/VISR2CblQuI/choi-yu-jung-05.jpg
http://lh4.ggpht.com/_IZpTrEjIab4/ShD4KENjg2I/AAAAAAAAAbs/yGtTOD97kFc/cyj1236745529_img_8793.jpg
http://lh3.ggpht.com/_IZpTrEjIab4/ShD4KzwPpoI/AAAAAAAAAbw/hBI-K7DElMo/choi-yu-jung-red-dress-03.jpg
http://lh5.ggpht.com/_IZpTrEjIab4/ShD4NhAOysI/AAAAAAAAAb0/yBXATn3gNiA/choi-yu-jung-red-dress-10.jpg
http://lh4.ggpht.com/_IZpTrEjIab4/ShD4Onk18AI/AAAAAAAAAb4/PwIR1RQq57k/choi-yu-jung-red-dress-11.jpg
http://lh4.ggpht.com/_IZpTrEjIab4/ShD4PV0GlEI/AAAAAAAAAb8/qOOuiVU0JPA/choi-yu-jung-red-dress-12.jpg
http://lh5.ggpht.com/_IZpTrEjIab4/ShD4QfSbELI/AAAAAAAAAcA/QzmBgYP7VT8/choi-yu-jung-red-dress-14.jpg
http://lh3.ggpht.com/_IZpTrEjIab4/ShD4SN9eRcI/AAAAAAAAAcE/0Lb52XcZIR0/cyj1236745572_img_8850.jpg
http://lh6.ggpht.com/_IZpTrEjIab4/ShD4TykmpkI/AAAAAAAAAcI/jRN7Fcabzh4/cyj1236745538_img_8797.jpg
http://lh5.ggpht.com/_IZpTrEjIab4/ShD4WkLOrVI/AAAAAAAAAcM/7oSFR18ilQY/cyj1236745547_img_8810.jpg
http://lh4.ggpht.com/_IZpTrEjIab4/ShD4aCS76_I/AAAAAAAAAcQ/G9jxE-ltLxc/cyj1236745554_img_8839.jpg
http://lh5.ggpht.com/_IZpTrEjIab4/ShD4dAwsd-I/AAAAAAAAAcU/epytdvlztW4/cyj1236745562_img_8846.jpg
http://lh3.ggpht.com/_IZpTrEjIab4/ShQGx5IPg9I/AAAAAAAAAmw/cT3DWvTZLtI/choi-yu-jung-rain-05.jpg
http://lh3.ggpht.com/_IZpTrEjIab4/ShD5NEv2zMI/AAAAAAAAAck/qjb7jR7djw8/min-seo-hee-red-skirt-09.jpg
http://lh6.ggpht.com/_IZpTrEjIab4/ShD5PWiMiII/AAAAAAAAAcs/ILZH_NgEg7U/min-seo-hee-red-skirt-10.jpg
http://lh6.ggpht.com/_IZpTrEjIab4/ShD5SVK8PeI/AAAAAAAAAcw/Qb2q8QXXOhA/min-seo-hee-red-skirt-11.jpg
http://lh3.ggpht.com/_IZpTrEjIab4/ShD5Xq50H-I/AAAAAAAAAc0/b3II5WTVBJ0/min-seo-hee-red-skirt-01.jpg
http://lh3.ggpht.com/_IZpTrEjIab4/ShD5cM9ePSI/AAAAAAAAAc4/vkgVgYxhAzY/min-seo-hee-red-skirt-12.jpg
http://lh5.ggpht.com/_IZpTrEjIab4/ShD5h04Z4NI/AAAAAAAAAc8/g-kEzu9COSo/min-seo-hee-red-skirt-13.jpg
http://lh4.ggpht.com/_IZpTrEjIab4/ShD5mVhSzTI/AAAAAAAAAdA/XjwXvAGSrgU/min-seo-hee-red-skirt-02.jpg
http://lh3.ggpht.com/_IZpTrEjIab4/ShD5siLcYbI/AAAAAAAAAdE/bmyFatbk1e8/min-seo-hee-red-skirt-03.jpg
http://lh5.ggpht.com/_IZpTrEjIab4/ShD5u7uZ-oI/AAAAAAAAAdI/O66-rjEAoPg/min-seo-hee-red-skirt-04.jpg
http://lh4.ggpht.com/_IZpTrEjIab4/ShD5yo5tXKI/AAAAAAAAAdM/WaDMq6FVR6Q/min-seo-hee-red-skirt-05.jpg
http://lh5.ggpht.com/_IZpTrEjIab4/ShD52li-DMI/AAAAAAAAAdQ/EmIUQlhKYTs/min-seo-hee-red-skirt-06.jpg
http://lh5.ggpht.com/_IZpTrEjIab4/ShD5-zpFxlI/AAAAAAAAAdU/LJobt0Hf9LE/min-seo-hee-red-skirt-14.jpg
http://lh3.ggpht.com/_IZpTrEjIab4/ShD6DZbVwZI/AAAAAAAAAdc/Q9JQKV2JBHY/min-seo-hee-red-skirt-07.jpg
http://lh6.ggpht.com/_IZpTrEjIab4/ShD6H5ii5BI/AAAAAAAAAdg/fR1akv0xM3c/min-seo-hee-red-skirt-08.jpg
http://lh5.ggpht.com/_IZpTrEjIab4/ShD6JZiHA8I/AAAAAAAAAdk/bWICHO-lBX0/min-seo-hee-school-girl-02.jpg
http://lh5.ggpht.com/_IZpTrEjIab4/ShD6Kai3vXI/AAAAAAAAAdo/tKGhNQCA5Y0/min-seo-hee-school-girl-01.jpg
http://lh6.ggpht.com/_IZpTrEjIab4/ShD6LwAi7YI/AAAAAAAAAds/JmVcQQSJl4U/min-seo-hee-school-girl-03.jpg
http://lh5.ggpht.com/_IZpTrEjIab4/ShD6N7JJKxI/AAAAAAAAAdw/ceOSnG51eMI/min-seo-hee-school-girl-04.jpg
http://lh5.ggpht.com/_IZpTrEjIab4/ShD6RlNi53I/AAAAAAAAAd0/F-YyiHUvLBY/min-seo-hee-school-girl-05.jpg
http://lh4.ggpht.com/_IZpTrEjIab4/ShD6Vi_h9bI/AAAAAAAAAd4/_FYqeDasyDc/min-seo-hee-school-girl-06.jpg
http://lh3.ggpht.com/_IZpTrEjIab4/ShD6Zgmo5qI/AAAAAAAAAd8/NVj7Irf5TZQ/min-seo-hee-school-girl-07.jpg
http://lh5.ggpht.com/_IZpTrEjIab4/ShQJVrf-XCI/AAAAAAAAApQ/lA1eZMjZsoU/min-seo-hee-skirt-05.jpg
http://lh3.ggpht.com/_IZpTrEjIab4/ShQJd_pT05I/AAAAAAAAApU/bzfz0_DIyo8/min-seo-hee-skirt-06.jpg
http://lh3.ggpht.com/_IZpTrEjIab4/ShQKzJm2YjI/AAAAAAAAAp0/OjdTM2upxts/09cj1-hmh-02-x.jpg
http://lh6.ggpht.com/_IZpTrEjIab4/ShD7HJQFJRI/AAAAAAAAAec/cjV8w06bZjQ/min-seo-hee-party-04.jpg
http://lh3.ggpht.com/_IZpTrEjIab4/ShD7DnKw-sI/AAAAAAAAAeY/7t2hOHmqnU0/min-seo-hee-party-05.jpg
http://lh6.ggpht.com/_IZpTrEjIab4/ShD61LdFWyI/AAAAAAAAAeI/Icy46O7jbis/1222249590_mid_mil_4943.jpg
http://lh6.ggpht.com/_IZpTrEjIab4/ShD65YJ0nOI/AAAAAAAAAeM/ENcsDgsiKFE/1222249594_mid_mil_4952.jpg
http://lh5.ggpht.com/_IZpTrEjIab4/ShD69NxI9-I/AAAAAAAAAeQ/3EkbzxscRPA/1222249581_mid_mil_4869.jpg
http://lh3.ggpht.com/_IZpTrEjIab4/ShD7BRcx0II/AAAAAAAAAeU/1HMQGrufBAg/1222249586_mid_mil_4874.jpg
http://lh4.ggpht.com/_IZpTrEjIab4/ShD7Jy0U5XI/AAAAAAAAAeo/TBicDNoybVg/min-seo-hee-party-01.jpg
http://lh3.ggpht.com/_IZpTrEjIab4/ShD7M617fEI/AAAAAAAAAes/rJoH3Te22I8/min-seo-hee-party-02.jpg
http://lh6.ggpht.com/_IZpTrEjIab4/ShD7SJRN2hI/AAAAAAAAAew/g642Uiua2kc/min-seo-hee-party-03.jpg
http://lh6.ggpht.com/_IZpTrEjIab4/ShD8jBkxL-I/AAAAAAAAAfs/y1p223H9mpk/msh3200803536_7623ae0352_b.jpg
http://lh6.ggpht.com/_IZpTrEjIab4/ShD8ltqHTdI/AAAAAAAAAfw/juR1BFYsxno/msh3199961359_915a7f77f9_b.jpg
http://lh3.ggpht.com/_IZpTrEjIab4/ShD7VyE_AoI/AAAAAAAAAe0/mv4Tp7q1RGs/min-seo-hee-04.jpg
http://lh6.ggpht.com/_IZpTrEjIab4/ShD7X4zmXZI/AAAAAAAAAe4/Yx-DFhL0rV4/min-seo-hee-05.jpg
http://lh3.ggpht.com/_IZpTrEjIab4/ShD7asuAu9I/AAAAAAAAAe8/DxaFtUFR1AY/min-seo-hee-02.jpg
http://lh3.ggpht.com/_IZpTrEjIab4/ShD7fhWA8xI/AAAAAAAAAfA/kyz2C81qsG4/min-seo-hee-01.jpg
http://lh4.ggpht.com/_IZpTrEjIab4/ShD7hhx1X1I/AAAAAAAAAfE/PyUlFQGVr2I/min-seo-hee-03.jpg
http://lh4.ggpht.com/_IZpTrEjIab4/ShD7lTRqBbI/AAAAAAAAAfI/vRzuNlRS2Pc/min-seo-hee-party-06.jpg
http://lh5.ggpht.com/_IZpTrEjIab4/ShD8X5JRr-I/AAAAAAAAAfQ/TOLJW9MDhas/min-seo-hee-dress04.jpg
http://lh3.ggpht.com/_IZpTrEjIab4/ShD8Yb9hBTI/AAAAAAAAAfU/un-bYRmCnEs/min-seo-hee-dress03.jpg
http://lh3.ggpht.com/_IZpTrEjIab4/ShD8ZBXukSI/AAAAAAAAAfY/FV05ctYD3O0/min-seo-hee-dress01.jpg
http://lh6.ggpht.com/_IZpTrEjIab4/ShD8acQwSjI/AAAAAAAAAfc/lVVZbN0m4TA/min-seo-hee-dress02.jpg
http://lh4.ggpht.com/_IZpTrEjIab4/ShD8pCCDH7I/AAAAAAAAAf4/x4lJli8Zkwk/msh.jpg
http://lh6.ggpht.com/_IZpTrEjIab4/ShD8cy-OODI/AAAAAAAAAfg/VYVCJSGR7hM/msh3198697339_8a06cebb1b_b.jpg
http://lh5.ggpht.com/_IZpTrEjIab4/ShD8exiNwxI/AAAAAAAAAfk/KRMwS_S7oY0/msh3199544780_bd95595308_b.jpg
http://lh4.ggpht.com/_IZpTrEjIab4/ShD8hKODXyI/AAAAAAAAAfo/ChScpkBel7Y/msh3199542152_75c025a4d8_b.jpg
http://lh4.ggpht.com/_IZpTrEjIab4/ShD7H1fQk2I/AAAAAAAAAeg/TTabVELmRkw/min-seo-hee-ebafbcec849ced9dac.jpg
http://lh6.ggpht.com/_IZpTrEjIab4/ShFhAwlBZkI/AAAAAAAAAgk/J0m0zUEeGzA/YHN_019.jpg
http://lh3.ggpht.com/_IZpTrEjIab4/ShFhEKqtQnI/AAAAAAAAAgs/6v4uHSotHSw/YHN_012.jpg
http://lh6.ggpht.com/_IZpTrEjIab4/ShFhHXNXcEI/AAAAAAAAAgw/202AUWXAGaE/YHN_013.jpg
http://lh3.ggpht.com/_IZpTrEjIab4/ShFhKlLTdXI/AAAAAAAAAg0/0yphHCkgr9I/YHN_014.jpg
http://lh6.ggpht.com/_IZpTrEjIab4/ShFhQTij1fI/AAAAAAAAAg4/9mPBSxHkZrQ/YHN_018.jpg
http://lh4.ggpht.com/_IZpTrEjIab4/ShFhUrWcI-I/AAAAAAAAAg8/iPZFD34wjCc/YHN_016.jpg
http://lh5.ggpht.com/_IZpTrEjIab4/ShFhYBtLY2I/AAAAAAAAAhA/dgkHhZ3z46k/YHN_017.jpg
http://lh6.ggpht.com/_IZpTrEjIab4/ShFhbdgrciI/AAAAAAAAAhE/1DchK00qufE/YHN_015.jpg
http://lh3.ggpht.com/_IZpTrEjIab4/ShFhep57l4I/AAAAAAAAAhI/3GGIjIS2jEE/YHN_008.jpg
http://lh3.ggpht.com/_IZpTrEjIab4/ShFhkP3teuI/AAAAAAAAAhM/7H2k9BHQQ0k/YHN_009.jpg
http://lh3.ggpht.com/_IZpTrEjIab4/ShFhmz5Cl8I/AAAAAAAAAhU/ulN4zA9KXrE/YHN_010.jpg
http://lh3.ggpht.com/_IZpTrEjIab4/ShFhprUr12I/AAAAAAAAAhY/RqNdtuavhsw/YHN_011.jpg
http://lh5.ggpht.com/_IZpTrEjIab4/ShFhuC2_KbI/AAAAAAAAAhc/jq-R9uqljiE/YHN_006.jpg
http://lh4.ggpht.com/_IZpTrEjIab4/ShFhx0AvbzI/AAAAAAAAAhg/bqaPv6MyI7I/YHN_007.jpg
http://lh5.ggpht.com/_IZpTrEjIab4/ShFh3guVnOI/AAAAAAAAAhk/uMD3TsMxoBc/YHN_003.jpg
http://lh6.ggpht.com/_IZpTrEjIab4/ShFh8bdXEkI/AAAAAAAAAho/gocE5SgwMz4/YHN_004.jpg
http://lh5.ggpht.com/_IZpTrEjIab4/ShFh_264_LI/AAAAAAAAAhs/6pfpK0PXubs/YHN_005.jpg
http://lh3.ggpht.com/_IZpTrEjIab4/ShFiEqLrIrI/AAAAAAAAAhw/vsX2BsezS_M/YHN_001.jpg
http://lh5.ggpht.com/_IZpTrEjIab4/ShFiJkxNf0I/AAAAAAAAAh4/NJJtVmMQfhU/YHN_002.jpg
http://lh3.ggpht.com/_IZpTrEjIab4/ShFiNbrYsEI/AAAAAAAAAh8/cGDjem8YNsM/YHN.jpg
http://lh5.ggpht.com/_IZpTrEjIab4/ShFpI5pAw8I/AAAAAAAAAjY/bqWoywUQWfA/moko-donna-01.jpg
http://lh5.ggpht.com/_IZpTrEjIab4/ShFpKYUSvlI/AAAAAAAAAjc/G9go9FtjKbU/moko-donna-02.jpg
http://lh3.ggpht.com/_IZpTrEjIab4/ShFpLdhcdnI/AAAAAAAAAjg/d-Y1s6e2ROg/moko-donna-03.jpg
http://lh6.ggpht.com/_IZpTrEjIab4/ShFpMSmv-FI/AAAAAAAAAjk/jnme9U6P99c/moko-donna-04.jpg
http://lh4.ggpht.com/_IZpTrEjIab4/ShFpNPvWfUI/AAAAAAAAAjo/KPxDUx5RHP4/moko-donna-05.jpg
http://lh6.ggpht.com/_IZpTrEjIab4/ShFpOKPssEI/AAAAAAAAAjs/NM9POhj0Eqo/moko-donna-06.jpg
http://lh5.ggpht.com/_IZpTrEjIab4/ShFpPfOq84I/AAAAAAAAAjw/yw-OOTKGGYg/moko-donna-07.jpg
http://lh4.ggpht.com/_IZpTrEjIab4/ShFpQk1Y5FI/AAAAAAAAAj0/i-LAqi9IXrs/moko-donna-08.jpg
http://lh3.ggpht.com/_IZpTrEjIab4/ShFpR40iKvI/AAAAAAAAAj4/w53MHQa7Y0k/moko-donna-09.jpg
http://lh6.ggpht.com/_IZpTrEjIab4/ShFpTGtE8cI/AAAAAAAAAj8/63JETqXIuuI/moko-donna-10.jpg
http://lh5.ggpht.com/_IZpTrEjIab4/ShF9JlZ9KJI/AAAAAAAAAkg/rsvMfegAERY/moko-chilli-09.jpg
http://lh5.ggpht.com/_IZpTrEjIab4/ShF9KhSlh3I/AAAAAAAAAkk/H72_-6x_1Ik/moko-chilli-07.jpg
http://lh3.ggpht.com/_IZpTrEjIab4/ShF-oJWdP3I/AAAAAAAAAmA/SZkVXdokDkI/moko-chilli-08.jpg
http://lh3.ggpht.com/_IZpTrEjIab4/ShF-pHE1c8I/AAAAAAAAAmI/a4k0aWPrqcM/moko-chilli-02.jpg
http://lh5.ggpht.com/_IZpTrEjIab4/ShF9ShSNUWI/AAAAAAAAAlE/TYL_TcbFmEI/selling-phones-08.jpg
http://lh3.ggpht.com/_IZpTrEjIab4/ShF9MMxZKeI/AAAAAAAAAko/j0MT6rfS3GM/selling-phones-06.jpg
http://lh3.ggpht.com/_IZpTrEjIab4/ShF9RimPUTI/AAAAAAAAAlA/pnEwvYPFaOg/selling-phones-07.jpg
http://lh4.ggpht.com/_IZpTrEjIab4/ShF9NBkafYI/AAAAAAAAAks/pQYnsArx6q0/selling-phones-01.jpg
http://lh6.ggpht.com/_IZpTrEjIab4/ShF9OMmY4_I/AAAAAAAAAkw/nYvuWZ2WrFs/selling-phones-02.jpg
http://lh4.ggpht.com/_IZpTrEjIab4/ShF9O9kvEXI/AAAAAAAAAk0/KcfyKLPApfc/selling-phones-05.jpg
http://lh6.ggpht.com/_IZpTrEjIab4/ShF9PrQ2bLI/AAAAAAAAAk4/jN5zhjko5aM/selling-phones-03.jpg
http://lh4.ggpht.com/_IZpTrEjIab4/ShF9QdwRLiI/AAAAAAAAAk8/qYMSaYrjspA/selling-phones-04.jpg
http://lh6.ggpht.com/_IZpTrEjIab4/ShF-miMOwyI/AAAAAAAAAl4/X8vD7bj8pXo/moko-chilli-12.jpg
http://lh5.ggpht.com/_IZpTrEjIab4/ShF-nUhaQOI/AAAAAAAAAl8/YJ1sXkEqztY/moko-chilli-17.jpg
http://lh5.ggpht.com/_IZpTrEjIab4/ShF9T1wkbuI/AAAAAAAAAlI/MJFoOZFu3_k/selling-phones-09.jpg
http://lh4.ggpht.com/_IZpTrEjIab4/Sg-2On0qzZI/AAAAAAAAAWI/7QGur-B5Zdg/xmas_korean_cutkillavince07.jpg
http://lh5.ggpht.com/_IZpTrEjIab4/Sg-2c_fKZWI/AAAAAAAAAWo/bfiwdB5c_UA/xmas_korean_cutkillavince15.jpg
http://lh4.ggpht.com/_IZpTrEjIab4/Sg-2fOMYeVI/AAAAAAAAAWs/uLeFfcrzoEk/xmas_korean_cutkillavince14.jpg
http://lh3.ggpht.com/_IZpTrEjIab4/Sg-2Z3Lg-VI/AAAAAAAAAWk/ViKXmYz-J2s/xmas_korean_cutkillavince16.jpg
http://lh3.ggpht.com/_IZpTrEjIab4/Sg-2PjtNNsI/AAAAAAAAAWM/VF-zZhjdgQw/xmas_drilla01.jpg
http://lh4.ggpht.com/_IZpTrEjIab4/Sg-2Q0R9xOI/AAAAAAAAAWQ/ZAffnlV9egE/xmas_drilla02.jpg
http://lh4.ggpht.com/_IZpTrEjIab4/Sg-2guhWmmI/AAAAAAAAAWw/eRImVYf2jbg/xmas_korean_cutkillavince17.jpg
http://lh5.ggpht.com/_IZpTrEjIab4/Sg-2i2kCAbI/AAAAAAAAAW0/LV9w_zyLkBE/xmas_korean_cutkillavince13.jpg
http://lh5.ggpht.com/_IZpTrEjIab4/Sg-2SiUPjsI/AAAAAAAAAWU/_TZKtlZjyEA/xmas_korean_cutkillavince18.jpg
http://lh5.ggpht.com/_IZpTrEjIab4/Sg-2UTpA-HI/AAAAAAAAAWY/NSKxqyZ798U/xmas_cutkillavince04.jpg
http://lh5.ggpht.com/_IZpTrEjIab4/Sg-2WMAViEI/AAAAAAAAAWc/DbcPC_DF6g0/xmas_korean_cutkillavince20.jpg
http://lh3.ggpht.com/_IZpTrEjIab4/Sg-2XUH2AaI/AAAAAAAAAWg/sufPZu71cUs/xmas_korean_cutkillavince21.jpg
http://lh5.ggpht.com/_IZpTrEjIab4/Sg-2kYigTgI/AAAAAAAAAW4/7KvPEfEvP-g/xmas_korean_cutkillavince05.jpg
http://lh6.ggpht.com/_IZpTrEjIab4/Sg-2luVkIOI/AAAAAAAAAW8/zeHeTwd333E/xmas_korean_cutkillavince03.jpg
http://lh4.ggpht.com/_IZpTrEjIab4/Sg-2nMxQ9II/AAAAAAAAAXA/fvsS0SYDUcw/xmas_korean_cutkillavince04.jpg
http://lh6.ggpht.com/_IZpTrEjIab4/Sg-2ocbhbpI/AAAAAAAAAXE/hdvhO6o1HpM/xmas_korean_cutkillavince02.jpg
http://lh6.ggpht.com/_IZpTrEjIab4/Sg5KrRlOkEI/AAAAAAAAABs/kjSB1XGFMMc/kim-ha-yul-mesh-dress-03.jpg
http://lh5.ggpht.com/_IZpTrEjIab4/Sg5KsHFOOWI/AAAAAAAAAB0/jsfBrjGNHRo/kim-ha-yul-mesh-dress-01.jpg
http://lh5.ggpht.com/_IZpTrEjIab4/Sg5KtPMOnGI/AAAAAAAAAB4/kBj47ul6NUI/kim-ha-yul-mesh-dress-02.jpg
http://lh3.ggpht.com/_IZpTrEjIab4/Sg5KtyUFqDI/AAAAAAAAAB8/jyX_D1HcZ2I/kim-ha-yul-mesh-dress-04.jpg
http://lh4.ggpht.com/_IZpTrEjIab4/Sg5Ku8_CUUI/AAAAAAAAACA/hNPd1SGUGlQ/kim-ha-yul-mesh-dress-05.jpg
http://lh6.ggpht.com/_IZpTrEjIab4/Sg5Kv7skLZI/AAAAAAAAACE/_V76Kkd26zA/kim-ha-yul-mesh-dress-06.jpg
http://lh3.ggpht.com/_IZpTrEjIab4/Sg5KwyKhuTI/AAAAAAAAACI/_IprQEm3jzg/kim-ha-yul-mesh-dress-07.jpg
http://lh4.ggpht.com/_IZpTrEjIab4/Sg5Kxs3fYUI/AAAAAAAAACM/GVzSwWreWbg/kim-ha-yul-mesh-dress-08.jpg
http://lh6.ggpht.com/_IZpTrEjIab4/Sg5KyRx-FrI/AAAAAAAAACQ/sQx8qrM2EQg/kim-ha-yul-mesh-dress-09.jpg
http://lh3.ggpht.com/_IZpTrEjIab4/Sg5KzRJ7JGI/AAAAAAAAACU/bOtjrWMcbIw/kim-ha-yul-mesh-dress-10.jpg
http://lh3.ggpht.com/_IZpTrEjIab4/Sg5K0v9qv2I/AAAAAAAAACY/uxMFFLj-CUk/kim-ha-yul-mesh-dress-11.jpg
http://lh5.ggpht.com/_IZpTrEjIab4/SiqPIv5kgWI/AAAAAAAABCM/MC8TdRms_N8/kim-ha-yul-with-coffee-02.jpg
http://lh6.ggpht.com/_IZpTrEjIab4/SiqPJr4lx3I/AAAAAAAABCQ/8r69PLf65to/kim-ha-yul-with-coffee-01.jpg
http://lh6.ggpht.com/_IZpTrEjIab4/SiqPLJDrCdI/AAAAAAAABCU/j9qi9vLmRjw/kim-ha-yul-with-coffee-03b.jpg
http://lh4.ggpht.com/_IZpTrEjIab4/SiqPMOkpj3I/AAAAAAAABCY/zD5JRsC3CAc/kim-ha-yul-with-coffee-04.jpg
http://lh5.ggpht.com/_IZpTrEjIab4/Sg5MDnmstbI/AAAAAAAAADY/lVzq_03ePyU/jo-se-hee-pool-side-couture-17.jpg
http://lh3.ggpht.com/_IZpTrEjIab4/Sg5MENsA3XI/AAAAAAAAADc/GxFA-RYNhPU/jo-se-hee-pool-side-couture-18.jpg
http://lh3.ggpht.com/_IZpTrEjIab4/Sg5ME1h9ZvI/AAAAAAAAADg/IhBR_Lq-ryw/jo-se-hee-pool-side-couture-19.jpg
http://lh4.ggpht.com/_IZpTrEjIab4/Sg5MFUpIFmI/AAAAAAAAADk/rSyNSCxD1os/jo-se-hee-pool-side-couture-20.jpg
http://lh5.ggpht.com/_IZpTrEjIab4/Sg5MF8gjY_I/AAAAAAAAADo/XOMsEt2zgGQ/jo-se-hee-pool-side-couture-21.jpg
http://lh3.ggpht.com/_IZpTrEjIab4/Sg5MGpGy4rI/AAAAAAAAADs/r-QES7soyDI/jo-se-hee-pool-side-couture-22.jpg
http://lh5.ggpht.com/_IZpTrEjIab4/Sg5MHQ89FUI/AAAAAAAAADw/xgUs2oTlO6I/jo-se-hee-pool-side-couture-23.jpg
http://lh3.ggpht.com/_IZpTrEjIab4/Sg5MH1cZzTI/AAAAAAAAAD0/QZVBfCmVels/jo-se-hee-pool-side-couture-24.jpg
http://lh4.ggpht.com/_IZpTrEjIab4/Sg5MJZbspEI/AAAAAAAAAD8/PwvinGlyXic/jo-se-hee-pool-side-couture-26.jpg
http://lh3.ggpht.com/_IZpTrEjIab4/Sg5MJ2ytkWI/AAAAAAAAAEA/Zt9cruzylZw/jo-se-hee-pool-side-couture-27.jpg
http://lh3.ggpht.com/_IZpTrEjIab4/Sg5MKt7-IuI/AAAAAAAAAEE/hfzZaMSRHa4/jo-se-hee-pool-side-couture-28.jpg
http://lh6.ggpht.com/_IZpTrEjIab4/Sg5MLZJSSJI/AAAAAAAAAEI/saEKWON8F-w/jo-se-hee-pool-side-couture-29.jpg
http://lh3.ggpht.com/_IZpTrEjIab4/Sg5MMrkiUAI/AAAAAAAAAEM/9eF6DOwj6pU/jo-se-hee-pool-side-couture-01.jpg
http://lh5.ggpht.com/_IZpTrEjIab4/Sg5MNhyA4iI/AAAAAAAAAEQ/BOZ6q1tl5nM/jo-se-hee-pool-side-couture-02.jpg
http://lh5.ggpht.com/_IZpTrEjIab4/Sg5MOp0IZNI/AAAAAAAAAEU/CewkVvvnz2M/jo-se-hee-pool-side-couture-03.jpg
http://lh3.ggpht.com/_IZpTrEjIab4/Sg5MP8uJ0bI/AAAAAAAAAEc/bJgumX2z4bc/jo-se-hee-pool-side-couture-04.jpg
http://lh3.ggpht.com/_IZpTrEjIab4/Sg5MRAsIdDI/AAAAAAAAAEg/0ZR_vhyug8w/jo-se-hee-pool-side-couture-05.jpg
http://lh3.ggpht.com/_IZpTrEjIab4/Sg5MSVSvBKI/AAAAAAAAAEk/4Lmk1LTgFgQ/jo-se-hee-pool-side-couture-06.jpg
http://lh6.ggpht.com/_IZpTrEjIab4/Sg5MTpgBXlI/AAAAAAAAAEo/keG5cqdcnf8/jo-se-hee-pool-side-couture-07.jpg
http://lh4.ggpht.com/_IZpTrEjIab4/Sg5MUn0broI/AAAAAAAAAEs/Zqehate73Rg/jo-se-hee-pool-side-couture-08.jpg
http://lh3.ggpht.com/_IZpTrEjIab4/Sg5MVt6ifSI/AAAAAAAAAEw/mmXeDAwj6-U/jo-se-hee-pool-side-couture-09.jpg
http://lh6.ggpht.com/_IZpTrEjIab4/Sg5MWhkJYGI/AAAAAAAAAE0/AIgU_q1t1kM/jo-se-hee-pool-side-couture-10.jpg
http://lh3.ggpht.com/_IZpTrEjIab4/Sg5MXwk1fNI/AAAAAAAAAE4/zVxqwu6f8U4/jo-se-hee-pool-side-couture-11.jpg
http://lh4.ggpht.com/_IZpTrEjIab4/Sg5MZ19-YNI/AAAAAAAAAFA/_gRTmE1lvp4/jo-se-hee-pool-side-couture-13.jpg
http://lh6.ggpht.com/_IZpTrEjIab4/Sg5Ma7dQi2I/AAAAAAAAAFE/mfBnLz2IEA0/jo-se-hee-pool-side-couture-14.jpg
http://lh5.ggpht.com/_IZpTrEjIab4/Sg5Mb2K77jI/AAAAAAAAAFI/Vrlpri3Jjbk/jo-se-hee-pool-side-couture-15.jpg
http://lh5.ggpht.com/_IZpTrEjIab4/ShFirknJthI/AAAAAAAAAiE/JJxqBrkSqNI/Jo%20Sae%20Hee130.jpg
http://lh5.ggpht.com/_IZpTrEjIab4/ShFiwAavj1I/AAAAAAAAAiI/pVmHJhxsHbM/Jo%20Sae%20Hee131.jpg
http://lh5.ggpht.com/_IZpTrEjIab4/ShFiz44UpSI/AAAAAAAAAiM/_B5i_f1bNcU/Jo%20Sae%20Hee132.jpg
http://lh3.ggpht.com/_IZpTrEjIab4/ShFi2ssjcQI/AAAAAAAAAiQ/IapCLz1Drkg/Jo%20Sae%20Hee129.jpg
http://lh6.ggpht.com/_IZpTrEjIab4/ShFi6Ynn2JI/AAAAAAAAAiU/Zpz5NYgSGrA/Jo%20Sae%20Hee126.jpg
http://lh5.ggpht.com/_IZpTrEjIab4/ShFi931YB7I/AAAAAAAAAiY/QkYEZ2QPubs/Jo%20Sae%20Hee125.jpg
http://lh4.ggpht.com/_IZpTrEjIab4/ShFi_INy2zI/AAAAAAAAAic/_wxoQvZXWn0/Jo%20Sae%20Hee122.JPG
http://lh5.ggpht.com/_IZpTrEjIab4/ShFjAL1zHhI/AAAAAAAAAig/01blSlfhiZM/Jo%20Sae%20Hee123.JPG
http://lh4.ggpht.com/_IZpTrEjIab4/ShFjD2yPSnI/AAAAAAAAAik/Ew86NBTKJH8/Jo%20Sae%20Hee128.jpg
http://lh3.ggpht.com/_IZpTrEjIab4/ShFjFC759jI/AAAAAAAAAis/W1GxSlswcNo/Jo%20Sae%20Hee124.JPG
http://lh6.ggpht.com/_IZpTrEjIab4/ShFjIf2bH1I/AAAAAAAAAiw/vclQaUTCmzg/Jo%20Sae%20Hee127.jpg
http://lh4.ggpht.com/_IZpTrEjIab4/Sg5N5JvBrLI/AAAAAAAAAF0/9I1joc7dFio/gu-ji-sung-fuchsia-skirt-02.jpg
http://lh5.ggpht.com/_IZpTrEjIab4/Sg5N-aRVYnI/AAAAAAAAAGA/uW4CAEPOh2Q/gu-ji-sung-fuchsia-skirt-04.jpg
http://lh3.ggpht.com/_IZpTrEjIab4/Sg5OAxSBXoI/AAAAAAAAAGE/f6NJgxKshXU/gu-ji-sung-fuchsia-skirt-05.jpg
http://lh6.ggpht.com/_IZpTrEjIab4/Sg5ODxJIstI/AAAAAAAAAGI/4J1iPt5-A3g/gu-ji-sung-fuchsia-skirt-01.jpg
http://lh3.ggpht.com/_IZpTrEjIab4/Sg5OF4mlS1I/AAAAAAAAAGM/bKBj4gNfW08/gu-ji-sung-fuchsia-skirt-06.jpg
http://lh4.ggpht.com/_IZpTrEjIab4/Sg5OH9RC84I/AAAAAAAAAGQ/cbH3nuaG3_w/gu-ji-sung-fuchsia-skirt-07.jpg
http://lh3.ggpht.com/_IZpTrEjIab4/Sg5OMZPTElI/AAAAAAAAAGY/A9lRlSHmth4/gu-ji-sung-fuchsia-skirt-09.jpg
http://lh5.ggpht.com/_IZpTrEjIab4/Sg5OO3FTKlI/AAAAAAAAAGc/t1RaIBsmsJw/gu-ji-sung-fuchsia-skirt-10.jpg
http://lh3.ggpht.com/_IZpTrEjIab4/Sg5ORnvyvkI/AAAAAAAAAGk/54yF_GKa9yE/gu-ji-sung-strapless-white-gown-07.jpg
http://lh5.ggpht.com/_IZpTrEjIab4/Sg5OWz6vblI/AAAAAAAAAGs/1csRjHY0GMQ/gu-ji-sung-strapless-white-gown-06.jpg
http://lh6.ggpht.com/_IZpTrEjIab4/Sg5OZYBSTfI/AAAAAAAAAGw/ErkeSVZYacs/gu-ji-sung-strapless-white-gown-02.jpg
http://lh3.ggpht.com/_IZpTrEjIab4/Sg5ObxHp59I/AAAAAAAAAG0/q08VCK1g6Pk/gu-ji-sung-strapless-white-gown-01.jpg
http://lh6.ggpht.com/_IZpTrEjIab4/Sg5Nzs-5XWI/AAAAAAAAAFs/abUew6i495Q/gu-ji-sung-navy-blue-skirt-06.jpg
http://lh3.ggpht.com/_IZpTrEjIab4/Sg5N2CRMqSI/AAAAAAAAAFw/VWH2excSYO8/gu-ji-sung-navy-blue-skirt-07.jpg
http://lh6.ggpht.com/_IZpTrEjIab4/Sg5OhIiTGaI/AAAAAAAAAHA/V8t2VtQyjUw/gu-ji-sung-navy-blue-skirt-09.jpg
http://lh6.ggpht.com/_IZpTrEjIab4/Sg5Oi7iIwGI/AAAAAAAAAHI/gU9UljDt3Ss/gu-ji-sung-navy-blue-skirt-08.jpg
http://lh3.ggpht.com/_IZpTrEjIab4/ShQHIV4N3MI/AAAAAAAAAm0/4obTmJ-N1A4/gu-ji-sung-ksrc-1st-01.jpg
http://lh3.ggpht.com/_IZpTrEjIab4/ShQHN-dPdiI/AAAAAAAAAm4/z5cP_QusMMQ/gu-ji-sung-ksrc-1st-02.jpg
http://lh6.ggpht.com/_IZpTrEjIab4/ShQHSTHI_pI/AAAAAAAAAm8/GS95l7ZzEqI/gu-ji-sung-ksrc-1st-03.jpg
http://lh5.ggpht.com/_IZpTrEjIab4/ShQHXXIffDI/AAAAAAAAAnA/RLa4HKLiERI/gu-ji-sung-ksrc-1st-04.jpg
http://lh6.ggpht.com/_IZpTrEjIab4/ShQHbgDPxYI/AAAAAAAAAnE/3TMMTtjGWMI/gu-ji-sung-ksrc-1st-09.jpg
http://lh5.ggpht.com/_IZpTrEjIab4/ShQHhDaAuaI/AAAAAAAAAnI/eqW108KGvWw/gu-ji-sung-ksrc-1st-08.jpg
http://lh4.ggpht.com/_IZpTrEjIab4/ShQHsqTF8sI/AAAAAAAAAnU/l7I-eNRFDFk/gu-ji-sung-ksrc-1st-10.jpg
http://lh5.ggpht.com/_IZpTrEjIab4/ShQHyPjQ4lI/AAAAAAAAAnY/979zXewNBbU/gu-ji-sung-ksrc-1st-11.jpg
http://lh3.ggpht.com/_IZpTrEjIab4/SiD8m3FDZBI/AAAAAAAAA6s/TaOcErWW6Ow/gu-ji-sung-jeans-06.jpg
http://lh4.ggpht.com/_IZpTrEjIab4/SiD8n4Is9WI/AAAAAAAAA6w/_W8APHCefNo/gu-ji-sung-jeans-07.jpg
http://lh3.ggpht.com/_IZpTrEjIab4/SiD8oYpZ-2I/AAAAAAAAA60/fJ1OFjqSSNU/gu-ji-sung-jeans-08.jpg
http://lh5.ggpht.com/_IZpTrEjIab4/SiD8pODAV1I/AAAAAAAAA64/bE_M5OYgQ_0/gu-ji-sung-jeans-09.jpg
http://lh4.ggpht.com/_IZpTrEjIab4/SiD8qXFy4nI/AAAAAAAAA68/NHRXZct8RIU/gu-ji-sung-jeans-04.jpg
http://lh4.ggpht.com/_IZpTrEjIab4/SiD8sEqPlQI/AAAAAAAAA7A/OY6sZAEkjZ0/gu-ji-sung-jeans-02.jpg
http://lh5.ggpht.com/_IZpTrEjIab4/SiD8uG2wfgI/AAAAAAAAA7E/gNBVqa_HUME/gu-ji-sung-jeans-03.jpg
http://lh4.ggpht.com/_IZpTrEjIab4/SiD8u5HoQ2I/AAAAAAAAA7I/sdRpRDY3zxE/gu-ji-sung-jeans-05.jpg
http://lh5.ggpht.com/_IZpTrEjIab4/SkN2ENv9hpI/AAAAAAAABhg/_LVeEIFfnLQ/gu-ji-sung-lucky-bear-06.jpg
http://lh3.ggpht.com/_IZpTrEjIab4/SkN2GaHSSxI/AAAAAAAABhk/hj1EZ8AsSoI/gu-ji-sung-lucky-bear-02.jpg
http://lh5.ggpht.com/_IZpTrEjIab4/SkN2I6au6GI/AAAAAAAABho/VY9dCO4CS5A/gu-ji-sung-lucky-bear-01.jpg
http://lh4.ggpht.com/_IZpTrEjIab4/SkN2K8_lQJI/AAAAAAAABhw/mQrqJcA8eYA/gu-ji-sung-lucky-bear-07.jpg
http://lh6.ggpht.com/_IZpTrEjIab4/SkN2NP06J7I/AAAAAAAABh0/CNukRlQmd2c/gu-ji-sung-lucky-bear-03.jpg
http://lh4.ggpht.com/_IZpTrEjIab4/SkN2PgdqBVI/AAAAAAAABh4/fN3ocvuwWuc/gu-ji-sung-lucky-bear-04.jpg
http://lh3.ggpht.com/_IZpTrEjIab4/SkN2SSbyzCI/AAAAAAAABh8/P0_sS2dDTvo/gu-ji-sung-lucky-bear-05.jpg
http://lh4.ggpht.com/_IZpTrEjIab4/Sg5PUW18lHI/AAAAAAAAAHo/tOZb34wOuyc/ds7_7322.jpg
http://lh3.ggpht.com/_IZpTrEjIab4/Sg5PU_ANdKI/AAAAAAAAAHs/A4endeIiKUw/ds7_7313.jpg
http://lh5.ggpht.com/_IZpTrEjIab4/Sg5PWml4xlI/AAAAAAAAAH0/pLPKjwNFh_Y/ds7_7345.jpg
http://lh6.ggpht.com/_IZpTrEjIab4/Sg5PXpJZ9MI/AAAAAAAAAH4/HFzUhK0UTMI/ds7_7352.jpg
http://lh5.ggpht.com/_IZpTrEjIab4/Sg5PYlc4iEI/AAAAAAAAAH8/SHGbPtjcDlE/ds7_7356.jpg
http://lh5.ggpht.com/_IZpTrEjIab4/Sg5PaVn1cSI/AAAAAAAAAIE/WJw3ljKYGL0/ds7_7364.jpg
http://lh6.ggpht.com/_IZpTrEjIab4/Sg5PbK1rOGI/AAAAAAAAAII/eHuv1Sjlq-4/ds7_7395.jpg
http://lh3.ggpht.com/_IZpTrEjIab4/Sg5PcRgnbSI/AAAAAAAAAIM/9N5krFf2-cY/ds7_7410.jpg
http://lh5.ggpht.com/_IZpTrEjIab4/Sg5PdDOWrxI/AAAAAAAAAIQ/tYNHDcHxF9c/ds7_7440.jpg
http://lh3.ggpht.com/_IZpTrEjIab4/SiqP8z0J6xI/AAAAAAAABFs/vmo7MpS0AMg/kang-yui-feathers-05.jpg
http://lh5.ggpht.com/_IZpTrEjIab4/SiqP-LXaVcI/AAAAAAAABFw/sa8X5kG7-Rk/kang-yui-feathers-03.jpg
http://lh5.ggpht.com/_IZpTrEjIab4/SiqP_L6qkRI/AAAAAAAABF0/H5qXCJTVhS8/kang-yui-feathers-01.jpg
http://lh4.ggpht.com/_IZpTrEjIab4/SiqP_86WiXI/AAAAAAAABF4/0m-Z7MlwuC0/kang-yui-feathers-02.jpg
http://lh6.ggpht.com/_IZpTrEjIab4/SiqQzC0bIxI/AAAAAAAABH8/syr9rVUA_h0/img_0056_2.jpg
http://lh6.ggpht.com/_IZpTrEjIab4/SiqQzzrwxZI/AAAAAAAABIA/_BQph58hf0Q/img_0057_2.jpg
http://lh3.ggpht.com/_IZpTrEjIab4/SiqQ00iJ0iI/AAAAAAAABIE/Z9wiChnkV1Q/dsc_4446_copy.jpg
http://lh4.ggpht.com/_IZpTrEjIab4/SiqQ1lsvjeI/AAAAAAAABII/9yaQHJXKlKo/dsc_4530_copy1.jpg
http://lh5.ggpht.com/_IZpTrEjIab4/SiqQ2THN16I/AAAAAAAABIM/_1fx9HQ3ZA8/img_0136_2.jpg
http://lh5.ggpht.com/_IZpTrEjIab4/SiqQ3VKJueI/AAAAAAAABIQ/1MytpwmX_Q0/dsc_4588_copy1.jpg
http://lh6.ggpht.com/_IZpTrEjIab4/Sg5QhVvqrmI/AAAAAAAAAIc/WV_StSWOxqY/kim-ha-yul-flower-dress-12.jpg
http://lh4.ggpht.com/_IZpTrEjIab4/Sg5QlJ8d-kI/AAAAAAAAAIk/t31YVXqsdKI/kim-ha-yul-flower-dress-01.jpg
http://lh6.ggpht.com/_IZpTrEjIab4/Sg5QmbjGadI/AAAAAAAAAIo/Hfa4Pay1txM/kim-ha-yul-flower-dress-14.jpg
http://lh5.ggpht.com/_IZpTrEjIab4/Sg5QoAzuLII/AAAAAAAAAIw/402jbC6_GPw/kim-ha-yul-flower-dress-15.jpg
http://lh3.ggpht.com/_IZpTrEjIab4/Sg5QqROHrBI/AAAAAAAAAI0/dM9N_7xBqGM/kim-ha-yul-flower-dress-02.jpg
http://lh5.ggpht.com/_IZpTrEjIab4/Sg5Qt7jbyqI/AAAAAAAAAI8/hT67kQj7JuE/kim-ha-yul-flower-dress-03.jpg
http://lh3.ggpht.com/_IZpTrEjIab4/Sg5QvzZViLI/AAAAAAAAAJA/mGvW9oDu4yc/kim-ha-yul-flower-dress-04.jpg
http://lh5.ggpht.com/_IZpTrEjIab4/Sg5Qx097KgI/AAAAAAAAAJI/y40roOFL9xw/kim-ha-yul-flower-dress-18.jpg
http://lh5.ggpht.com/_IZpTrEjIab4/Sg5QypQcDyI/AAAAAAAAAJM/mGR7UbmHEo4/kim-ha-yul-flower-dress-19.jpg
http://lh6.ggpht.com/_IZpTrEjIab4/Sg5Q1Mb7z8I/AAAAAAAAAJQ/a-EJX5EAMg4/kim-ha-yul-flower-dress-05.jpg
http://lh4.ggpht.com/_IZpTrEjIab4/Sg5Q22i-88I/AAAAAAAAAJU/QhPU1TYYahE/kim-ha-yul-flower-dress-06.jpg
http://lh6.ggpht.com/_IZpTrEjIab4/Sg5Q55BcQiI/AAAAAAAAAJY/hr0fNa2E36E/kim-ha-yul-flower-dress-07.jpg
http://lh5.ggpht.com/_IZpTrEjIab4/Sg5Q-UttlnI/AAAAAAAAAJk/oYBCnY6elEw/kim-ha-yul-flower-dress-09.jpg
http://lh4.ggpht.com/_IZpTrEjIab4/Sg5RAD49IcI/AAAAAAAAAJs/zsDxODagNJ4/kim-ha-yul-flower-dress-11.jpg
http://lh6.ggpht.com/_IZpTrEjIab4/Sg5Rqvk563I/AAAAAAAAAJ4/A6InvGT-1vU/bang%20eun%20young%20hat%20and%20skirt%2024.jpg
http://lh5.ggpht.com/_IZpTrEjIab4/Sg5RzKwu3zI/AAAAAAAAAKM/2W-PG-xilRY/bang%20eun%20young%20hat%20and%20skirt%2001.jpg
http://lh6.ggpht.com/_IZpTrEjIab4/Sg5R0lblnoI/AAAAAAAAAKQ/Stldqjc3FPU/bang%20eun%20young%20hat%20and%20skirt%2004.jpg
http://lh5.ggpht.com/_IZpTrEjIab4/Sg5R4t641KI/AAAAAAAAAKc/qJwvmBAus1g/bang%20eun%20young%20hat%20and%20skirt%2006.jpg
http://lh6.ggpht.com/_IZpTrEjIab4/Sg5R6z4UINI/AAAAAAAAAKg/qEBDzmbceKo/bang%20eun%20young%20hat%20and%20skirt%2007.jpg
http://lh3.ggpht.com/_IZpTrEjIab4/Sg5R893FX3I/AAAAAAAAAKk/C9pOA4ztBW4/bang%20eun%20young%20hat%20and%20skirt%2008.jpg
http://lh3.ggpht.com/_IZpTrEjIab4/Sg5SCt3eKOI/AAAAAAAAAKw/TPXsCPRFjmE/bang%20eun%20young%20hat%20and%20skirt%2028.jpg
http://lh6.ggpht.com/_IZpTrEjIab4/Sg5SEtgZPkI/AAAAAAAAAK0/2tcnvMXNoZk/bang%20eun%20young%20hat%20and%20skirt%2010.jpg
http://lh3.ggpht.com/_IZpTrEjIab4/Sg5SI1Kl3RI/AAAAAAAAALA/uprir1VrDGU/bang%20eun%20young%20hat%20and%20skirt%2012.jpg
http://lh5.ggpht.com/_IZpTrEjIab4/Sg5SQny01QI/AAAAAAAAALQ/YXiCBsqarpU/bang%20eun%20young%20hat%20and%20skirt%2016.jpg
http://lh5.ggpht.com/_IZpTrEjIab4/Sg5SYgHAp8I/AAAAAAAAALg/r0KBOX5DTLg/bang%20eun%20young%20hat%20and%20skirt%2020.jpg
http://lh3.ggpht.com/_IZpTrEjIab4/Sg5SaRozvEI/AAAAAAAAALo/DYhfRK7k5tM/bang%20eun%20young%20hat%20and%20skirt%2021.jpg
http://lh3.ggpht.com/_IZpTrEjIab4/Sg5SewtJCqI/AAAAAAAAALw/zPMz_G_opl0/bang%20eun%20young%20hat%20and%20skirt%2023.jpg
http://lh5.ggpht.com/_IZpTrEjIab4/Sg6yATp1vwI/AAAAAAAAAMs/htObsbbC2KE/Lee%20Ji%20Woo1558.jpg
http://lh6.ggpht.com/_IZpTrEjIab4/Sg6ycW5C6uI/AAAAAAAAANk/13XJKSnq_38/lee-ji-woo-bday-20.jpg
http://lh5.ggpht.com/_IZpTrEjIab4/Sg6yR8TXf1I/AAAAAAAAANM/vumaG6cmTbQ/ljw.jpg
http://lh4.ggpht.com/_IZpTrEjIab4/Sg6y2MZx7RI/AAAAAAAAAOo/4CXykLOxdvc/lee-ji-woo-bday-15.jpg
http://lh6.ggpht.com/_IZpTrEjIab4/Sg6yLP93CfI/AAAAAAAAAM8/wvH6J9khQkg/Lee%20Ji%20woo%207060.jpg
http://lh4.ggpht.com/_IZpTrEjIab4/Sg6yzi63UCI/AAAAAAAAAOg/qOnCyg5bIyk/lee-ji-woo-bday-10.jpg
http://lh4.ggpht.com/_IZpTrEjIab4/Sg6yQj7r8HI/AAAAAAAAANI/iAWzbuE3kzM/lee-ji-woo-bday-17.jpg
http://lh5.ggpht.com/_IZpTrEjIab4/Sg6yp3UngvI/AAAAAAAAAN8/qlnw6nlVuX8/lee-ji-woo-bday-08.jpg
http://lh5.ggpht.com/_IZpTrEjIab4/Sg6yZdVJMKI/AAAAAAAAANY/iNtC1jCOZWM/lee-ji-woo-bday-19.jpg
http://lh5.ggpht.com/_IZpTrEjIab4/Sg6yaCuG5fI/AAAAAAAAANc/IrEzttfQm1A/lee-ji-woo-bday-11.jpg
http://lh4.ggpht.com/_IZpTrEjIab4/Sg6ydq7X1bI/AAAAAAAAANo/OWwBZndOpXU/lee-ji-woo-bday-01.jpg
http://lh5.ggpht.com/_IZpTrEjIab4/Sg6yiPUqG_I/AAAAAAAAANs/kC9LVgJN7Pc/lee-ji-woo-bday-03.jpg
http://lh3.ggpht.com/_IZpTrEjIab4/Sg6yi8PJ0xI/AAAAAAAAANw/jIVi5lW4VWs/lee-ji-woo-bday-22.jpg
http://lh3.ggpht.com/_IZpTrEjIab4/Sg6ymJXwsTI/AAAAAAAAAN0/-2VWnyPpR9c/LJW%20987834660_01a6e048_dsc_7732_bab8c1a41.jpg
http://lh3.ggpht.com/_IZpTrEjIab4/Sg6ypfeDLuI/AAAAAAAAAN4/X3uuEJ4JmA4/LJW%20987834660_191df99c_dsc_7784_bab8c1a41.jpg
http://lh5.ggpht.com/_IZpTrEjIab4/Sg6yDTuVqGI/AAAAAAAAAMw/585qT3qazkg/987834660_820054a9_dsc_7675_bab8c1a41.jpg
http://lh6.ggpht.com/_IZpTrEjIab4/Sg6yGj6l4iI/AAAAAAAAAM0/KOJaQMzkYLE/987834660_8d449a09_dsc_7743_bab8c1a41.jplee%20ji%20woo%20g.jpg
http://lh4.ggpht.com/_IZpTrEjIab4/Sg6yJbC8rOI/AAAAAAAAAM4/CaIKVe8VM8o/Lee%20ji%20woo%20987834660_2e0b3ff8_dsc_7813_bab8c1a41.jpg
http://lh6.ggpht.com/_IZpTrEjIab4/Sg6yuUsOiJI/AAAAAAAAAOI/4snPeWitgA4/lee-ji-woo-winter-2009-01.jpg
http://lh3.ggpht.com/_IZpTrEjIab4/Sg6yriw25yI/AAAAAAAAAOA/VltEgMjEeoQ/lee-ji-woo-winter-2009-03.jpg
http://lh4.ggpht.com/_IZpTrEjIab4/Sg6yvnMLdeI/AAAAAAAAAOM/x87TFcngfkc/lee-ji-woo-winter-2009-04.jpg
http://lh4.ggpht.com/_IZpTrEjIab4/Sg6yyU6kJgI/AAAAAAAAAOU/oeys_8wYL4M/lee-ji-woo-bday-04.jpg
http://lh4.ggpht.com/_IZpTrEjIab4/Sg6yy21yNTI/AAAAAAAAAOY/324ryKAFUzU/lee-ji-woo-bday-07.jpg
http://lh5.ggpht.com/_IZpTrEjIab4/Sg6y0_PTWiI/AAAAAAAAAOk/qGoSi3yT_xQ/lee-ji-woo-bday-13.jpg
http://lh5.ggpht.com/_IZpTrEjIab4/Sg6y3NO-CaI/AAAAAAAAAOs/Rbwr5rUQb4M/lee-ji-woo-bday-21.jpg
http://lh5.ggpht.com/_IZpTrEjIab4/Sg6yMNSylFI/AAAAAAAAANA/fC6WinckTig/1202446747_200802081402062244669217_0.jpg
http://lh3.ggpht.com/_IZpTrEjIab4/ShQIMkSE_UI/AAAAAAAAAnc/j8ublaJa68I/lee-ji-woo-ksrc-02.jpg
http://lh4.ggpht.com/_IZpTrEjIab4/ShQIOTFOpSI/AAAAAAAAAng/4zNE29xkank/lee-ji-woo-ksrc-03.jpg
http://lh5.ggpht.com/_IZpTrEjIab4/ShQIPimiUEI/AAAAAAAAAnk/eU5Mjo5y4I0/lee-ji-woo-ksrc-05.jpg
http://lh4.ggpht.com/_IZpTrEjIab4/ShQIQgYlI2I/AAAAAAAAAno/he7wYuuni8o/lee-ji-woo-ksrc-39.jpg
http://lh4.ggpht.com/_IZpTrEjIab4/ShQISWb6U9I/AAAAAAAAAns/Hs4EFLWe6Vs/lee-ji-woo-ksrc-38.jpg
http://lh6.ggpht.com/_IZpTrEjIab4/ShQIXWg8WTI/AAAAAAAAAn4/10XCN1AbK38/lee-ji-woo-ksrc-07.jpg
http://lh6.ggpht.com/_IZpTrEjIab4/ShQIZPK5WWI/AAAAAAAAAn8/rOgNrYoggrg/lee-ji-woo-ksrc-35.jpg
http://lh4.ggpht.com/_IZpTrEjIab4/ShQIa5A0aSI/AAAAAAAAAoA/2sLr9s1cP9E/lee-ji-woo-ksrc-34.jpg
http://lh6.ggpht.com/_IZpTrEjIab4/ShQId-Vm0kI/AAAAAAAAAoI/51mm7ZTr6P0/lee-ji-woo-ksrc-31.jpg
http://lh6.ggpht.com/_IZpTrEjIab4/ShQIflH_FnI/AAAAAAAAAoM/VLWpVfA2R74/lee-ji-woo-ksrc-08.jpg
http://lh5.ggpht.com/_IZpTrEjIab4/ShQIg5GNPcI/AAAAAAAAAoQ/wab0fAALkeA/lee-ji-woo-ksrc-09.jpg
http://lh3.ggpht.com/_IZpTrEjIab4/ShQIijI8e6I/AAAAAAAAAoU/0x8KwOvbtFU/lee-ji-woo-ksrc-10.jpg
http://lh4.ggpht.com/_IZpTrEjIab4/ShQIo5nQfDI/AAAAAAAAAok/MBXehM4e_lo/lee-ji-woo-ksrc-13.jpg
http://lh5.ggpht.com/_IZpTrEjIab4/ShQIq0MN1dI/AAAAAAAAAoo/jHMdhaFbTAs/lee-ji-woo-ksrc-14.jpg
http://lh6.ggpht.com/_IZpTrEjIab4/ShQIt0m64nI/AAAAAAAAAos/g--xr9ZSh7w/lee-ji-woo-ksrc-30.jpg
http://lh5.ggpht.com/_IZpTrEjIab4/ShQIwiqCopI/AAAAAAAAAow/8Uwx39wYl7g/lee-ji-woo-ksrc-29.jpg
http://lh6.ggpht.com/_IZpTrEjIab4/ShQI4otrZuI/AAAAAAAAAo8/fW7wGaesxnM/lee-ji-woo-ksrc-18.jpg
http://lh4.ggpht.com/_IZpTrEjIab4/ShQI7Z-qhTI/AAAAAAAAApA/yACWLF0DWB4/lee-ji-woo-ksrc-23.jpg
http://lh6.ggpht.com/_IZpTrEjIab4/ShQI9V_4H3I/AAAAAAAAApE/l5NQbHj8vHE/lee-ji-woo-ksrc-25.jpg
http://lh6.ggpht.com/_IZpTrEjIab4/Shyc1jy7GkI/AAAAAAAAA18/I152VuI4Pc8/lee-ji-woo-ksrc-41.jpg
http://lh3.ggpht.com/_IZpTrEjIab4/Shyc24vHZlI/AAAAAAAAA2A/QDJ31hanz70/lee-ji-woo-ksrc-42.jpg
http://lh3.ggpht.com/_IZpTrEjIab4/Shyc5CyixyI/AAAAAAAAA2I/oQD-9Hbcexg/lee-ji-woo-ksrc-50.jpg
http://lh6.ggpht.com/_IZpTrEjIab4/Shyc6FSRHFI/AAAAAAAAA2M/1dGVO9oYhs0/lee-ji-woo-ksrc-60.jpg
http://lh5.ggpht.com/_IZpTrEjIab4/Sg7cn-uvhJI/AAAAAAAAASs/P0bUw95GuT4/09cj1-hmh-01-x.jpg
http://lh4.ggpht.com/_IZpTrEjIab4/Sg7cpO49EII/AAAAAAAAASw/Wd9ey02WDkc/09cj1-hmh-03-x.jpg
http://lh3.ggpht.com/_IZpTrEjIab4/Sg7cqYEP1lI/AAAAAAAAAS0/6bbxrGy0P2o/09cj1-hmh-02-x.jpg
http://lh3.ggpht.com/_IZpTrEjIab4/Sg7cro9uorI/AAAAAAAAAS4/CPrqO6K2_zw/hmh_dsc9432.jpg
http://lh5.ggpht.com/_IZpTrEjIab4/Sg7cskiAYPI/AAAAAAAAAS8/idNIesf6UFc/hmh_dsc9892.jpg
http://lh4.ggpht.com/_IZpTrEjIab4/Sg7ctlADJRI/AAAAAAAAATA/4A0hpS1mLaw/hmh-dsc09317.jpg
http://lh5.ggpht.com/_IZpTrEjIab4/Sg7cuhRscjI/AAAAAAAAATE/PDHXz962axg/hmhdsc09368.jpg
http://lh4.ggpht.com/_IZpTrEjIab4/Sg7cxVAMUPI/AAAAAAAAATM/9Ftbvu7zWHg/hwang-mi-hee-nikon-digital-live-35.jpg
http://lh5.ggpht.com/_IZpTrEjIab4/Sg7cxzePjDI/AAAAAAAAATQ/hm2lO4Oeh2Y/hwang-mi-hee-white-gloves-white-dress-01.jpg
http://lh3.ggpht.com/_IZpTrEjIab4/Sg7cyynZIuI/AAAAAAAAATU/UtjtSubzGUY/hwang-mi-hee-cj03.jpg
http://lh5.ggpht.com/_IZpTrEjIab4/Sg7cz0s7maI/AAAAAAAAATY/EAa3pFsX6dU/seoul-motor-show-hwang-mi-hee-122.jpg
http://lh3.ggpht.com/_IZpTrEjIab4/Sg7c1KS08II/AAAAAAAAATc/8wsEp_EZIDs/seoul-motor-show-hwang-mi-hee-120.jpg
http://lh4.ggpht.com/_IZpTrEjIab4/SiD76v0ReGI/AAAAAAAAA38/PyKVjUv8Ph4/Hwang%20Mi%20Hee%20Photo%20and%20Imaging%2002.jpg
http://lh4.ggpht.com/_IZpTrEjIab4/Sg7c2ddYPQI/AAAAAAAAATg/T0gmnK3QVwg/seoul-motor-show-hwang-mi-hee-118.jpg
http://lh4.ggpht.com/_IZpTrEjIab4/SiD77CWPUlI/AAAAAAAAA4A/1gX1cG7f9Xk/Hwang%20Mi%20Hee%20Photo%20and%20Imaging%2005.jpg
http://lh3.ggpht.com/_IZpTrEjIab4/Sg7c3fKf4SI/AAAAAAAAATk/qJAhlhT_sy4/seoul-motor-show-hwang-mi-hee-125.jpg
http://lh3.ggpht.com/_IZpTrEjIab4/SiD778OLGRI/AAAAAAAAA4E/jJik1mLEeGI/Hwang%20Mi%20Hee%20Photo%20and%20Imaging%2001.jpg
http://lh3.ggpht.com/_IZpTrEjIab4/Sg7c37tR_SI/AAAAAAAAATo/0Vd1JHGxA0E/seoul-motor-show-hwang-mi-hee-1401.jpg
http://lh4.ggpht.com/_IZpTrEjIab4/SiD78WJCjpI/AAAAAAAAA4I/5R83abSDUXU/Hwang%20Mi%20Hee%20Photo%20and%20Imaging%2007.jpg
http://lh5.ggpht.com/_IZpTrEjIab4/Sg7c5fxlKnI/AAAAAAAAATs/zoOg_eQvjyM/seoul-motor-show-hwang-mi-hee-36.jpg
http://lh5.ggpht.com/_IZpTrEjIab4/SiD79fETYTI/AAAAAAAAA4M/JY0gIKnQr3g/Hwang%20Mi%20Hee%20Photo%20and%20Imaging%2008.jpg
http://lh4.ggpht.com/_IZpTrEjIab4/Sg7fOZLgZpI/AAAAAAAAAT0/tXTdoApoUtE/hwang-mi-hee-yellow-skirt-01.jpg
http://lh3.ggpht.com/_IZpTrEjIab4/Sg7fRT13HdI/AAAAAAAAAT4/tjSQ0Z4PBs4/hwang-mi-hee-wallpaper-01.jpg
http://lh3.ggpht.com/_IZpTrEjIab4/Sg7fZsOCeLI/AAAAAAAAAUA/AhNa3ozmuxE/1235755551_virzil8.jpg
http://lh4.ggpht.com/_IZpTrEjIab4/Sg7fjit3GZI/AAAAAAAAAUM/guEBbEG2TlY/1235755786_virzil5.jpg
http://lh3.ggpht.com/_IZpTrEjIab4/Sg7fuATYLOI/AAAAAAAAAUU/wXPekW_o2M0/1235756160_virzil7.jpg
http://lh6.ggpht.com/_IZpTrEjIab4/Sg7fy__0ABI/AAAAAAAAAUY/1r55hMzN7s0/1235755786_virzil4.jpg
http://lh4.ggpht.com/_IZpTrEjIab4/Sg7f0Je1prI/AAAAAAAAAUg/Ftz9QJjR0pg/hwang-mi-hee-red-dress-01.jpg
http://lh4.ggpht.com/_IZpTrEjIab4/Sg7f039ehjI/AAAAAAAAAUk/1I0PKNZpUCk/hwang-mi-hee-red-dress-02.jpg
http://lh5.ggpht.com/_IZpTrEjIab4/Sg7f2S6RppI/AAAAAAAAAUs/VIJXB05VFGo/hwang-mi-hee-red-dress-04.jpg
http://lh4.ggpht.com/_IZpTrEjIab4/Sg7f3nKDPPI/AAAAAAAAAUw/_N0Xum9z5WA/hwang-mi-hee-red-dress-06.jpg
http://lh6.ggpht.com/_IZpTrEjIab4/Sg7f5W_a4OI/AAAAAAAAAU4/35Uxzt1kSvU/hwang-mi-hee-red-dress-07.jpg
http://lh5.ggpht.com/_IZpTrEjIab4/Sg7f6ZbFJII/AAAAAAAAAU8/Kkni2hmpG00/hwang-mi-hee-red-dress-08.jpg
http://lh5.ggpht.com/_IZpTrEjIab4/Sg7f7N6qsoI/AAAAAAAAAVA/SimPN1Kw1Xw/hwang-mi-hee-red-dress-09.jpg
http://lh5.ggpht.com/_IZpTrEjIab4/ShQKV_khe2I/AAAAAAAAApY/okD4l0w8izA/hwang-mi-hee-cjsr-18.jpg
http://lh5.ggpht.com/_IZpTrEjIab4/ShQKX2PND6I/AAAAAAAAApc/WoFf7Y_3q_M/hwang-mi-hee-cjsr-19.jpg
http://lh6.ggpht.com/_IZpTrEjIab4/ShQKaapkMMI/AAAAAAAAApg/6j1pr3Pz5JM/hwang-mi-hee-cjsr-20.jpg
http://lh5.ggpht.com/_IZpTrEjIab4/ShQKeeq7zWI/AAAAAAAAApk/jj3ijBXrmNE/hwang-mi-hee-cjsr-16.jpg
http://lh6.ggpht.com/_IZpTrEjIab4/ShQKfwkq5VI/AAAAAAAAApo/Zj2cds4tRMU/hwang-mi-hee-cjsr-11.jpg
http://lh3.ggpht.com/_IZpTrEjIab4/SiD9MAmWAvI/AAAAAAAAA8s/daUSD6gaitY/hwang-mi-hee-01.jpg
http://lh3.ggpht.com/_IZpTrEjIab4/SiqQElROg9I/AAAAAAAABGQ/79r-4nSXxd0/hmh_img_0526.jpg
http://lh6.ggpht.com/_IZpTrEjIab4/SiqQFirt-dI/AAAAAAAABGU/JvpossBiglM/hmh_img_0746.jpg
